#
# There is insufficient memory for the Java Runtime Environment to continue.
# Native memory allocation (mmap) failed to map 67108864 bytes for G1 virtual space
# Possible reasons:
#   The system is out of physical RAM or swap space
#   The process is running with CompressedOops enabled, and the Java Heap may be blocking the growth of the native heap
# Possible solutions:
#   Reduce memory load on the system
#   Increase physical memory or swap space
#   Check if swap backing store is full
#   Decrease Java heap size (-Xmx/-Xms)
#   Decrease number of Java threads
#   Decrease Java thread stack sizes (-Xss)
#   Set larger code cache with -XX:ReservedCodeCacheSize=
#   JVM is running with Unscaled Compressed Oops mode in which the Java heap is
#     placed in the first 4GB address space. The Java Heap base address is the
#     maximum limit for the native heap growth. Please use -XX:HeapBaseMinAddress
#     to set the Java Heap base and to place the Java Heap above 4GB virtual address.
# This output file may be truncated or incomplete.
#
#  Out of Memory Error (os_windows.cpp:3552), pid=25120, tid=19148
#
# JRE version:  (17.0.9+11) (build )
# Java VM: Java HotSpot(TM) 64-Bit Server VM (17.0.9+11-LTS-201, mixed mode, sharing, tiered, compressed oops, compressed class ptrs, g1 gc, windows-amd64)
# No core dump will be written. Minidumps are not enabled by default on client versions of Windows
#

---------------  S U M M A R Y ------------

Command Line: -Dfile.encoding=UTF-8 -Dstdout.encoding=UTF-8 -Dstderr.encoding=UTF-8 -XX:+ShowCodeDetailsInExceptionMessages MYAssignmentScript.AmzaonAsignment

Host: Intel(R) Core(TM) i3-7020U CPU @ 2.30GHz, 4 cores, 3G,  Windows 10 , 64 bit Build 19041 (10.0.19041.3570)
Time: Fri Nov 10 17:43:38 2023 India Standard Time elapsed time: 0.074803 seconds (0d 0h 0m 0s)

---------------  T H R E A D  ---------------

Current thread (0x000001bc1693eca0):  JavaThread "Unknown thread" [_thread_in_vm, id=19148, stack(0x000000b939e00000,0x000000b939f00000)]

Stack: [0x000000b939e00000,0x000000b939f00000]
Native frames: (J=compiled Java code, j=interpreted, Vv=VM code, C=native code)
V  [jvm.dll+0x678a4a]
V  [jvm.dll+0x7d9cfd]
V  [jvm.dll+0x7db60e]
V  [jvm.dll+0x7dbc73]
V  [jvm.dll+0x245e1f]
V  [jvm.dll+0x6758f9]
V  [jvm.dll+0x66a2a2]
V  [jvm.dll+0x303686]
V  [jvm.dll+0x30ac06]
V  [jvm.dll+0x35a48e]
V  [jvm.dll+0x35a6bf]
V  [jvm.dll+0x2da678]
V  [jvm.dll+0x2db5e4]
V  [jvm.dll+0x7ab6b1]
V  [jvm.dll+0x368041]
V  [jvm.dll+0x78a749]
V  [jvm.dll+0x3ebd4f]
V  [jvm.dll+0x3ed7d1]
C  [jli.dll+0x5297]
C  [ucrtbase.dll+0x21bb2]
C  [KERNEL32.DLL+0x17344]
C  [ntdll.dll+0x526b1]


---------------  P R O C E S S  ---------------

Threads class SMR info:
_java_thread_list=0x00007ffe877689d8, length=0, elements={
}

Java Threads: ( => current thread )

Other Threads:
  0x000001bc1697b960 GCTaskThread "GC Thread#0" [stack: 0x000000b939f00000,0x000000b93a000000] [id=24224]
  0x000001bc169845b0 ConcurrentGCThread "G1 Main Marker" [stack: 0x000000b93a000000,0x000000b93a100000] [id=25740]
  0x000001bc16984fd0 ConcurrentGCThread "G1 Conc#0" [stack: 0x000000b93a100000,0x000000b93a200000] [id=24964]

[error occurred during error reporting (printing all threads), id 0xc0000005, EXCEPTION_ACCESS_VIOLATION (0xc0000005) at pc=0x00007ffe86f9b2d7]

VM state: not at safepoint (not fully initialized)

VM Mutex/Monitor currently owned by a thread:  ([mutex/lock_event])
[0x000001bc1693b360] Heap_lock - owner thread: 0x000001bc1693eca0

Heap address: 0x00000000c1800000, size: 1000 MB, Compressed Oops mode: 32-bit

CDS archive(s) mapped at: [0x0000000000000000-0x0000000000000000-0x0000000000000000), size 0, SharedBaseAddress: 0x0000000800000000, ArchiveRelocationMode: 1.
Narrow klass base: 0x0000000000000000, Narrow klass shift: 0, Narrow klass range: 0x0

GC Precious Log:
<Empty>

Heap:
 garbage-first heap   total 0K, used 0K [0x00000000c1800000, 0x0000000100000000)
  region size 1024K, 0 young (0K), 0 survivors (0K)

[error occurred during error reporting (printing heap information), id 0xc0000005, EXCEPTION_ACCESS_VIOLATION (0xc0000005) at pc=0x00007ffe87382229]

GC Heap History (0 events):
No events

Deoptimization events (0 events):
No events

Classes unloaded (0 events):
No events

Classes redefined (0 events):
No events

Internal exceptions (0 events):
No events

VM Operations (0 events):
No events

Events (1 events):
Event: 0.023 Loaded shared library C:\Program Files\Java\jdk-17\bin\java.dll


Dynamic libraries:
0x00007ff793050000 - 0x00007ff793060000 	C:\Program Files\Java\jdk-17\bin\javaw.exe
0x00007fff0a370000 - 0x00007fff0a567000 	C:\WINDOWS\SYSTEM32\ntdll.dll
0x00007fff08d00000 - 0x00007fff08dbd000 	C:\WINDOWS\System32\KERNEL32.DLL
0x00007fff07ab0000 - 0x00007fff07da6000 	C:\WINDOWS\System32\KERNELBASE.dll
0x00007fff082b0000 - 0x00007fff083b0000 	C:\WINDOWS\System32\ucrtbase.dll
0x00007ffee5220000 - 0x00007ffee523b000 	C:\Program Files\Java\jdk-17\bin\VCRUNTIME140.dll
0x00007ffee5240000 - 0x00007ffee5259000 	C:\Program Files\Java\jdk-17\bin\jli.dll
0x00007fff0a210000 - 0x00007fff0a2be000 	C:\WINDOWS\System32\ADVAPI32.dll
0x00007fff09910000 - 0x00007fff099ae000 	C:\WINDOWS\System32\msvcrt.dll
0x00007fff08fb0000 - 0x00007fff0904c000 	C:\WINDOWS\System32\sechost.dll
0x00007fff091f0000 - 0x00007fff09316000 	C:\WINDOWS\System32\RPCRT4.dll
0x00007fff09b60000 - 0x00007fff09cfe000 	C:\WINDOWS\System32\USER32.dll
0x00007fff083b0000 - 0x00007fff083d2000 	C:\WINDOWS\System32\win32u.dll
0x00007fff09810000 - 0x00007fff0983c000 	C:\WINDOWS\System32\GDI32.dll
0x00007fff07fa0000 - 0x00007fff080ba000 	C:\WINDOWS\System32\gdi32full.dll
0x00007fff080c0000 - 0x00007fff0815d000 	C:\WINDOWS\System32\msvcp_win.dll
0x00007ffeecb50000 - 0x00007ffeecdea000 	C:\WINDOWS\WinSxS\amd64_microsoft.windows.common-controls_6595b64144ccf1df_6.0.19041.3570_none_60bb2a3971f3e41a\COMCTL32.dll
0x00007ffefe5c0000 - 0x00007ffefe5ca000 	C:\WINDOWS\SYSTEM32\VERSION.dll
0x00007fff09d00000 - 0x00007fff09d30000 	C:\WINDOWS\System32\IMM32.DLL
0x00007ffee8d40000 - 0x00007ffee8d4c000 	C:\Program Files\Java\jdk-17\bin\vcruntime140_1.dll
0x00007ffee5190000 - 0x00007ffee521e000 	C:\Program Files\Java\jdk-17\bin\msvcp140.dll
0x00007ffe86cb0000 - 0x00007ffe87891000 	C:\Program Files\Java\jdk-17\bin\server\jvm.dll
0x00007fff0a2c0000 - 0x00007fff0a2c8000 	C:\WINDOWS\System32\PSAPI.DLL
0x00007ffeb6980000 - 0x00007ffeb6989000 	C:\WINDOWS\SYSTEM32\WSOCK32.dll
0x00007ffeeb110000 - 0x00007ffeeb137000 	C:\WINDOWS\SYSTEM32\WINMM.dll
0x00007fff09840000 - 0x00007fff098ab000 	C:\WINDOWS\System32\WS2_32.dll
0x00007fff062e0000 - 0x00007fff062f2000 	C:\WINDOWS\SYSTEM32\kernel.appcore.dll
0x00007ffee6ca0000 - 0x00007ffee6caa000 	C:\Program Files\Java\jdk-17\bin\jimage.dll
0x00007fff05830000 - 0x00007fff05a14000 	C:\WINDOWS\SYSTEM32\DBGHELP.DLL
0x00007ffeee620000 - 0x00007ffeee654000 	C:\WINDOWS\SYSTEM32\dbgcore.DLL
0x00007fff07f10000 - 0x00007fff07f92000 	C:\WINDOWS\System32\bcryptPrimitives.dll
0x00007ffee5160000 - 0x00007ffee5185000 	C:\Program Files\Java\jdk-17\bin\java.dll

dbghelp: loaded successfully - version: 4.0.5 - missing functions: none
symbol engine: initialized successfully - sym options: 0x614 - pdb path: .;C:\Program Files\Java\jdk-17\bin;C:\WINDOWS\SYSTEM32;C:\WINDOWS\WinSxS\amd64_microsoft.windows.common-controls_6595b64144ccf1df_6.0.19041.3570_none_60bb2a3971f3e41a;C:\Program Files\Java\jdk-17\bin\server

VM Arguments:
jvm_args: -Dfile.encoding=UTF-8 -Dstdout.encoding=UTF-8 -Dstderr.encoding=UTF-8 -XX:+ShowCodeDetailsInExceptionMessages 
java_command: MYAssignmentScript.AmzaonAsignment
java_class_path (initial): C:\Users\master\aa\AssignmentSelenium\MySeleniumScripts\target\test-classes;C:\Users\master\aa\AssignmentSelenium\MySeleniumScripts\target\classes;C:\Users\master\Downloads\selenium-java-4.15.0\selenium-api-4.15.0.jar;C:\Users\master\Downloads\selenium-java-4.15.0\selenium-api-4.15.0-sources.jar;C:\Users\master\Downloads\selenium-java-4.15.0\selenium-chrome-driver-4.15.0.jar;C:\Users\master\Downloads\selenium-java-4.15.0\selenium-chrome-driver-4.15.0-sources.jar;C:\Users\master\Downloads\selenium-java-4.15.0\selenium-chromium-driver-4.15.0.jar;C:\Users\master\Downloads\selenium-java-4.15.0\selenium-chromium-driver-4.15.0-sources.jar;C:\Users\master\Downloads\selenium-java-4.15.0\selenium-devtools-v85-4.15.0.jar;C:\Users\master\Downloads\selenium-java-4.15.0\selenium-devtools-v85-4.15.0-sources.jar;C:\Users\master\Downloads\selenium-java-4.15.0\selenium-devtools-v117-4.15.0.jar;C:\Users\master\Downloads\selenium-java-4.15.0\selenium-devtools-v117-4.15.0-sources.jar;C:\Users\master\Downloads\selenium-java-4.15.0\selenium-devtools-v118-4.15.0.jar;C:\Users\master\Downloads\selenium-java-4.15.0\selenium-devtools-v118-4.15.0-sources.jar;C:\Users\master\Downloads\selenium-java-4.15.0\selenium-devtools-v119-4.15.0.jar;C:\Users\master\Downloads\selenium-java-4.15.0\selenium-devtools-v119-4.15.0-sources.jar;C:\Users\master\Downloads\selenium-java-4.15.0\selenium-edge-driver-4.15.0.jar;C:\Users\master\Downloads\selenium-java-4.15.0\selenium-edge-driver-4.15.0-sources.jar;C:\Users\master\Downloads\selenium-java-4.15.0\selenium-firefox-driver-4.15.0.jar;C:\Users\master\Downloads\selenium-java-4.15.0\selenium-firefox-driver-4.15.0-sources.jar;C:\Users\master\Downloads\selenium-java-4.15.0\selenium-http-4.15.0.jar;C:\Users\master\Downloads\selenium-java-4.15.0\selenium-http-4.15.0-sources.jar;C:\Users\master\Downloads\selenium-java-4.15.0\selenium-ie-driver-4.15.0.jar;C:\Users\master\Downloads\selenium-java-4.15.0\selenium-ie-driver-4.15.0-sources.jar;
Launcher Type: SUN_STANDARD

[Global flags]
     intx CICompilerCount                          = 3                                         {product} {ergonomic}
     uint ConcGCThreads                            = 1                                         {product} {ergonomic}
     uint G1ConcRefinementThreads                  = 4                                         {product} {ergonomic}
   size_t G1HeapRegionSize                         = 1048576                                   {product} {ergonomic}
    uintx GCDrainStackTargetSize                   = 64                                        {product} {ergonomic}
   size_t InitialHeapSize                          = 67108864                                  {product} {ergonomic}
   size_t MarkStackSize                            = 4194304                                   {product} {ergonomic}
   size_t MaxHeapSize                              = 1048576000                                {product} {ergonomic}
   size_t MinHeapDeltaBytes                        = 1048576                                   {product} {ergonomic}
   size_t MinHeapSize                              = 8388608                                   {product} {ergonomic}
    uintx NonNMethodCodeHeapSize                   = 5832780                                {pd product} {ergonomic}
    uintx NonProfiledCodeHeapSize                  = 122912730                              {pd product} {ergonomic}
    uintx ProfiledCodeHeapSize                     = 122912730                              {pd product} {ergonomic}
    uintx ReservedCodeCacheSize                    = 251658240                              {pd product} {ergonomic}
     bool SegmentedCodeCache                       = true                                      {product} {ergonomic}
     bool ShowCodeDetailsInExceptionMessages       = true                                   {manageable} {command line}
   size_t SoftMaxHeapSize                          = 1048576000                             {manageable} {ergonomic}
     bool UseCompressedClassPointers               = true                           {product lp64_product} {ergonomic}
     bool UseCompressedOops                        = true                           {product lp64_product} {ergonomic}
     bool UseG1GC                                  = true                                      {product} {ergonomic}
     bool UseLargePagesIndividualAllocation        = false                                  {pd product} {ergonomic}

Logging:
Log output configuration:
 #0: stdout all=warning uptime,level,tags
 #1: stderr all=off uptime,level,tags

Environment Variables:
PATH=C:\Program Files\Common Files\Oracle\Java\javapath;C:\Program Files\nodejs\;C:\WINDOWS;C:\WINDOWS\System32\Wbem;C:\WINDOWS\System32\WindowsPowerShell\v1.0\;C:\WINDOWS\System32\OpenSSH\;C:\WINDOWS\system32;C:\Program Files\PuTTY\;C:\Program Files\Git\cmd;C:\Program Files\PowerShell\7\;C:\Program Files\MySQL\MySQL Shell 8.0\bin\;C:\Users\master\AppData\Roaming\npm;C:\Users\master\AppData\Local\Programs\Microsoft VS Code\bin;C:\Users\master\AppData\Local\Microsoft\WindowsApps;C:\ProgramData\master\GitHubDesktop\bin;
USERNAME=master
OS=Windows_NT
PROCESSOR_IDENTIFIER=Intel64 Family 6 Model 142 Stepping 9, GenuineIntel



---------------  S Y S T E M  ---------------

OS:
 Windows 10 , 64 bit Build 19041 (10.0.19041.3570)
OS uptime: 0 days 2:17 hours

CPU: total 4 (initial active 4) (2 cores per cpu, 2 threads per core) family 6 model 142 stepping 9 microcode 0xf4, cx8, cmov, fxsr, ht, mmx, 3dnowpref, sse, sse2, sse3, ssse3, sse4.1, sse4.2, popcnt, lzcnt, tsc, tscinvbit, avx, avx2, aes, erms, clmul, bmi1, bmi2, adx, fma, vzeroupper, clflush, clflushopt

Memory: 4k page, system-wide physical 3992M (79M free)
TotalPageFile size 16280M (AvailPageFile size 27M)
current process WorkingSet (physical memory assigned to process): 10M, peak: 10M
current process commit charge ("private bytes"): 51M, peak: 115M

vm_info: Java HotSpot(TM) 64-Bit Server VM (17.0.9+11-LTS-201) for windows-amd64 JRE (17.0.9+11-LTS-201), built on Oct 10 2023 23:16:06 by "mach5one" with MS VC++ 17.1 (VS2022)

END.
