#
# There is insufficient memory for the Java Runtime Environment to continue.
# Native memory allocation (malloc) failed to allocate 813216 bytes for Chunk::new
# Possible reasons:
#   The system is out of physical RAM or swap space
#   The process is running with CompressedOops enabled, and the Java Heap may be blocking the growth of the native heap
# Possible solutions:
#   Reduce memory load on the system
#   Increase physical memory or swap space
#   Check if swap backing store is full
#   Decrease Java heap size (-Xmx/-Xms)
#   Decrease number of Java threads
#   Decrease Java thread stack sizes (-Xss)
#   Set larger code cache with -XX:ReservedCodeCacheSize=
#   JVM is running with Unscaled Compressed Oops mode in which the Java heap is
#     placed in the first 4GB address space. The Java Heap base address is the
#     maximum limit for the native heap growth. Please use -XX:HeapBaseMinAddress
#     to set the Java Heap base and to place the Java Heap above 4GB virtual address.
# This output file may be truncated or incomplete.
#
#  Out of Memory Error (arena.cpp:189), pid=7584, tid=25688
#
# JRE version: Java(TM) SE Runtime Environment (17.0.9+11) (build 17.0.9+11-LTS-201)
# Java VM: Java HotSpot(TM) 64-Bit Server VM (17.0.9+11-LTS-201, mixed mode, sharing, tiered, compressed oops, compressed class ptrs, g1 gc, windows-amd64)
# No core dump will be written. Minidumps are not enabled by default on client versions of Windows
#

---------------  S U M M A R Y ------------

Command Line: -Dfile.encoding=UTF-8 -Dstdout.encoding=UTF-8 -Dstderr.encoding=UTF-8 -XX:+ShowCodeDetailsInExceptionMessages MYAssignmentScript.AmzaonAsignment

Host: Intel(R) Core(TM) i3-7020U CPU @ 2.30GHz, 4 cores, 3G,  Windows 10 , 64 bit Build 19041 (10.0.19041.3570)
Time: Fri Nov 10 17:32:40 2023 India Standard Time elapsed time: 75.725393 seconds (0d 0h 1m 15s)

---------------  T H R E A D  ---------------

Current thread (0x0000019f6c2fda70):  JavaThread "C2 CompilerThread0" daemon [_thread_in_native, id=25688, stack(0x0000005887d00000,0x0000005887e00000)]


Current CompileTask:
C2:  75734 1680       4       java.lang.invoke.MethodType::makeImpl (109 bytes)

Stack: [0x0000005887d00000,0x0000005887e00000]
Native frames: (J=compiled Java code, j=interpreted, Vv=VM code, C=native code)
V  [jvm.dll+0x678a4a]
V  [jvm.dll+0x7d9cfd]
V  [jvm.dll+0x7db60e]
V  [jvm.dll+0x7dbc73]
V  [jvm.dll+0x245e1f]
V  [jvm.dll+0xaaafb]
V  [jvm.dll+0xab09c]
V  [jvm.dll+0x2ab7ef]
V  [jvm.dll+0x5812e5]
V  [jvm.dll+0x220c52]
V  [jvm.dll+0x219c3f]
V  [jvm.dll+0x217459]
V  [jvm.dll+0x1a3bc0]
V  [jvm.dll+0x2272de]
V  [jvm.dll+0x22548b]
V  [jvm.dll+0x78f58c]
V  [jvm.dll+0x78998a]
V  [jvm.dll+0x677875]
C  [ucrtbase.dll+0x21bb2]
C  [KERNEL32.DLL+0x17344]
C  [ntdll.dll+0x526b1]


---------------  P R O C E S S  ---------------

Threads class SMR info:
_java_thread_list=0x0000019f71682060, length=23, elements={
0x0000019f510bf9e0, 0x0000019f5117e690, 0x0000019f5117fd00, 0x0000019f5118e070,
0x0000019f6c2eef40, 0x0000019f6c2f2370, 0x0000019f6c2fce70, 0x0000019f6c2fda70,
0x0000019f6c2febd0, 0x0000019f6c30c4a0, 0x0000019f6c535b40, 0x0000019f6c537eb0,
0x0000019f6c535630, 0x0000019f6c536050, 0x0000019f6c536560, 0x0000019f6c5383c0,
0x0000019f6c5379a0, 0x0000019f6c536a70, 0x0000019f6c536f80, 0x0000019f6c537490,
0x0000019f6c535120, 0x0000019f715c10a0, 0x0000019f715bd3e0
}

Java Threads: ( => current thread )
  0x0000019f510bf9e0 JavaThread "main" [_thread_in_vm, id=17020, stack(0x0000005887000000,0x0000005887100000)]
  0x0000019f5117e690 JavaThread "Reference Handler" daemon [_thread_blocked, id=17480, stack(0x0000005887700000,0x0000005887800000)]
  0x0000019f5117fd00 JavaThread "Finalizer" daemon [_thread_blocked, id=17488, stack(0x0000005887800000,0x0000005887900000)]
  0x0000019f5118e070 JavaThread "Signal Dispatcher" daemon [_thread_blocked, id=20880, stack(0x0000005887900000,0x0000005887a00000)]
  0x0000019f6c2eef40 JavaThread "Attach Listener" daemon [_thread_blocked, id=11428, stack(0x0000005887a00000,0x0000005887b00000)]
  0x0000019f6c2f2370 JavaThread "Service Thread" daemon [_thread_blocked, id=27352, stack(0x0000005887b00000,0x0000005887c00000)]
  0x0000019f6c2fce70 JavaThread "Monitor Deflation Thread" daemon [_thread_blocked, id=22332, stack(0x0000005887c00000,0x0000005887d00000)]
=>0x0000019f6c2fda70 JavaThread "C2 CompilerThread0" daemon [_thread_in_native, id=25688, stack(0x0000005887d00000,0x0000005887e00000)]
  0x0000019f6c2febd0 JavaThread "C1 CompilerThread0" daemon [_thread_blocked, id=22064, stack(0x0000005887e00000,0x0000005887f00000)]
  0x0000019f6c30c4a0 JavaThread "Sweeper thread" daemon [_thread_blocked, id=25336, stack(0x0000005887f00000,0x0000005888000000)]
  0x0000019f6c535b40 JavaThread "Notification Thread" daemon [_thread_blocked, id=23924, stack(0x0000005888000000,0x0000005888100000)]
  0x0000019f6c537eb0 JavaThread "Common-Cleaner" daemon [_thread_blocked, id=25708, stack(0x0000005888200000,0x0000005888300000)]
  0x0000019f6c535630 JavaThread "HttpClient-1-SelectorManager" daemon [_thread_in_native, id=22220, stack(0x0000005888700000,0x0000005888800000)]
  0x0000019f6c536050 JavaThread "Thread-2" [_thread_in_native, id=25348, stack(0x0000005888800000,0x0000005888900000)]
  0x0000019f6c536560 JavaThread "Driver Service Executor" daemon [_thread_blocked, id=25488, stack(0x0000005888900000,0x0000005888a00000)]
  0x0000019f6c5383c0 JavaThread "Driver Service Executor" daemon [_thread_blocked, id=25404, stack(0x0000005888a00000,0x0000005888b00000)]
  0x0000019f6c5379a0 JavaThread "pool-1-thread-4" [_thread_blocked, id=24472, stack(0x0000005886d00000,0x0000005886e00000)]
  0x0000019f6c536a70 JavaThread "pool-1-thread-5" [_thread_blocked, id=23692, stack(0x0000005886e00000,0x0000005886f00000)]
  0x0000019f6c536f80 JavaThread "ForkJoinPool.commonPool-worker-2" daemon [_thread_blocked, id=27176, stack(0x0000005886f00000,0x0000005887000000)]
  0x0000019f6c537490 JavaThread "HttpClient-2-SelectorManager" daemon [_thread_in_native, id=25364, stack(0x0000005888300000,0x0000005888400000)]
  0x0000019f6c535120 JavaThread "pool-2-thread-1" [_thread_blocked, id=3488, stack(0x0000005888b00000,0x0000005888c00000)]
  0x0000019f715c10a0 JavaThread "pool-2-thread-2" [_thread_blocked, id=25116, stack(0x0000005888e00000,0x0000005888f00000)]
  0x0000019f715bd3e0 JavaThread "pool-2-thread-3" [_thread_blocked, id=27168, stack(0x0000005888f00000,0x0000005889000000)]

Other Threads:
  0x0000019f511762f0 VMThread "VM Thread" [stack: 0x0000005887600000,0x0000005887700000] [id=14668]
  0x0000019f5110dd50 WatcherThread [stack: 0x0000005888100000,0x0000005888200000] [id=23696]
  0x0000019f510fb3a0 GCTaskThread "GC Thread#0" [stack: 0x0000005887100000,0x0000005887200000] [id=17436]
  0x0000019f71473300 GCTaskThread "GC Thread#1" [stack: 0x0000005888400000,0x0000005888500000] [id=15416]
  0x0000019f71474bc0 GCTaskThread "GC Thread#2" [stack: 0x0000005888500000,0x0000005888600000] [id=26628]
  0x0000019f71474380 GCTaskThread "GC Thread#3" [stack: 0x0000005888600000,0x0000005888700000] [id=17808]
  0x0000019f51104f10 ConcurrentGCThread "G1 Main Marker" [stack: 0x0000005887200000,0x0000005887300000] [id=9736]
  0x0000019f51105fd0 ConcurrentGCThread "G1 Conc#0" [stack: 0x0000005887300000,0x0000005887400000] [id=17792]
  0x0000019f51156970 ConcurrentGCThread "G1 Refine#0" [stack: 0x0000005887400000,0x0000005887500000] [id=14660]
  0x0000019f511572b0 ConcurrentGCThread "G1 Service" [stack: 0x0000005887500000,0x0000005887600000] [id=22624]

Threads with active compile tasks:
C2 CompilerThread0    75980 1680       4       java.lang.invoke.MethodType::makeImpl (109 bytes)

VM state: not at safepoint (normal execution)

VM Mutex/Monitor currently owned by a thread: None

Heap address: 0x00000000c1800000, size: 1000 MB, Compressed Oops mode: 32-bit

CDS archive(s) mapped at: [0x0000019f00000000-0x0000019f00bd0000-0x0000019f00bd0000), size 12386304, SharedBaseAddress: 0x0000019f00000000, ArchiveRelocationMode: 1.
Compressed class space mapped at: 0x0000019f01000000-0x0000019f41000000, reserved size: 1073741824
Narrow klass base: 0x0000019f00000000, Narrow klass shift: 0, Narrow klass range: 0x100000000

GC Precious Log:
 CPUs: 4 total, 4 available
 Memory: 3992M
 Large Page Support: Disabled
 NUMA Support: Disabled
 Compressed Oops: Enabled (32-bit)
 Heap Region Size: 1M
 Heap Min Capacity: 8M
 Heap Initial Capacity: 64M
 Heap Max Capacity: 1000M
 Pre-touch: Disabled
 Parallel Workers: 4
 Concurrent Workers: 1
 Concurrent Refinement Workers: 4
 Periodic GC: Disabled

Heap:
 garbage-first heap   total 65536K, used 18167K [0x00000000c1800000, 0x0000000100000000)
  region size 1024K, 14 young (14336K), 2 survivors (2048K)
 Metaspace       used 12689K, committed 12992K, reserved 1114112K
  class space    used 1565K, committed 1728K, reserved 1048576K

Heap Regions: E=young(eden), S=young(survivor), O=old, HS=humongous(starts), HC=humongous(continues), CS=collection set, F=free, OA=open archive, CA=closed archive, TAMS=top-at-mark-start (previous, next)
|   0|0x00000000c1800000, 0x00000000c1900000, 0x00000000c1900000|100%| O|  |TAMS 0x00000000c1800000, 0x00000000c1800000| Untracked 
|   1|0x00000000c1900000, 0x00000000c1a00000, 0x00000000c1a00000|100%| O|  |TAMS 0x00000000c1900000, 0x00000000c1900000| Untracked 
|   2|0x00000000c1a00000, 0x00000000c1b00000, 0x00000000c1b00000|100%| O|  |TAMS 0x00000000c1a00000, 0x00000000c1a00000| Untracked 
|   3|0x00000000c1b00000, 0x00000000c1c00000, 0x00000000c1c00000|100%| O|  |TAMS 0x00000000c1b00000, 0x00000000c1b00000| Untracked 
|   4|0x00000000c1c00000, 0x00000000c1cbdc00, 0x00000000c1d00000| 74%| O|  |TAMS 0x00000000c1c00000, 0x00000000c1c00000| Untracked 
|   5|0x00000000c1d00000, 0x00000000c1d00000, 0x00000000c1e00000|  0%| F|  |TAMS 0x00000000c1d00000, 0x00000000c1d00000| Untracked 
|   6|0x00000000c1e00000, 0x00000000c1e00000, 0x00000000c1f00000|  0%| F|  |TAMS 0x00000000c1e00000, 0x00000000c1e00000| Untracked 
|   7|0x00000000c1f00000, 0x00000000c1f00000, 0x00000000c2000000|  0%| F|  |TAMS 0x00000000c1f00000, 0x00000000c1f00000| Untracked 
|   8|0x00000000c2000000, 0x00000000c2000000, 0x00000000c2100000|  0%| F|  |TAMS 0x00000000c2000000, 0x00000000c2000000| Untracked 
|   9|0x00000000c2100000, 0x00000000c2100000, 0x00000000c2200000|  0%| F|  |TAMS 0x00000000c2100000, 0x00000000c2100000| Untracked 
|  10|0x00000000c2200000, 0x00000000c2200000, 0x00000000c2300000|  0%| F|  |TAMS 0x00000000c2200000, 0x00000000c2200000| Untracked 
|  11|0x00000000c2300000, 0x00000000c2300000, 0x00000000c2400000|  0%| F|  |TAMS 0x00000000c2300000, 0x00000000c2300000| Untracked 
|  12|0x00000000c2400000, 0x00000000c2400000, 0x00000000c2500000|  0%| F|  |TAMS 0x00000000c2400000, 0x00000000c2400000| Untracked 
|  13|0x00000000c2500000, 0x00000000c2500000, 0x00000000c2600000|  0%| F|  |TAMS 0x00000000c2500000, 0x00000000c2500000| Untracked 
|  14|0x00000000c2600000, 0x00000000c2600000, 0x00000000c2700000|  0%| F|  |TAMS 0x00000000c2600000, 0x00000000c2600000| Untracked 
|  15|0x00000000c2700000, 0x00000000c2700000, 0x00000000c2800000|  0%| F|  |TAMS 0x00000000c2700000, 0x00000000c2700000| Untracked 
|  16|0x00000000c2800000, 0x00000000c2800000, 0x00000000c2900000|  0%| F|  |TAMS 0x00000000c2800000, 0x00000000c2800000| Untracked 
|  17|0x00000000c2900000, 0x00000000c2900000, 0x00000000c2a00000|  0%| F|  |TAMS 0x00000000c2900000, 0x00000000c2900000| Untracked 
|  18|0x00000000c2a00000, 0x00000000c2a00000, 0x00000000c2b00000|  0%| F|  |TAMS 0x00000000c2a00000, 0x00000000c2a00000| Untracked 
|  19|0x00000000c2b00000, 0x00000000c2b00000, 0x00000000c2c00000|  0%| F|  |TAMS 0x00000000c2b00000, 0x00000000c2b00000| Untracked 
|  20|0x00000000c2c00000, 0x00000000c2c00000, 0x00000000c2d00000|  0%| F|  |TAMS 0x00000000c2c00000, 0x00000000c2c00000| Untracked 
|  21|0x00000000c2d00000, 0x00000000c2d00000, 0x00000000c2e00000|  0%| F|  |TAMS 0x00000000c2d00000, 0x00000000c2d00000| Untracked 
|  22|0x00000000c2e00000, 0x00000000c2e00000, 0x00000000c2f00000|  0%| F|  |TAMS 0x00000000c2e00000, 0x00000000c2e00000| Untracked 
|  23|0x00000000c2f00000, 0x00000000c2f00000, 0x00000000c3000000|  0%| F|  |TAMS 0x00000000c2f00000, 0x00000000c2f00000| Untracked 
|  24|0x00000000c3000000, 0x00000000c3000000, 0x00000000c3100000|  0%| F|  |TAMS 0x00000000c3000000, 0x00000000c3000000| Untracked 
|  25|0x00000000c3100000, 0x00000000c3100000, 0x00000000c3200000|  0%| F|  |TAMS 0x00000000c3100000, 0x00000000c3100000| Untracked 
|  26|0x00000000c3200000, 0x00000000c3200000, 0x00000000c3300000|  0%| F|  |TAMS 0x00000000c3200000, 0x00000000c3200000| Untracked 
|  27|0x00000000c3300000, 0x00000000c3300000, 0x00000000c3400000|  0%| F|  |TAMS 0x00000000c3300000, 0x00000000c3300000| Untracked 
|  28|0x00000000c3400000, 0x00000000c3400000, 0x00000000c3500000|  0%| F|  |TAMS 0x00000000c3400000, 0x00000000c3400000| Untracked 
|  29|0x00000000c3500000, 0x00000000c3500000, 0x00000000c3600000|  0%| F|  |TAMS 0x00000000c3500000, 0x00000000c3500000| Untracked 
|  30|0x00000000c3600000, 0x00000000c3600000, 0x00000000c3700000|  0%| F|  |TAMS 0x00000000c3600000, 0x00000000c3600000| Untracked 
|  31|0x00000000c3700000, 0x00000000c3700000, 0x00000000c3800000|  0%| F|  |TAMS 0x00000000c3700000, 0x00000000c3700000| Untracked 
|  32|0x00000000c3800000, 0x00000000c3800000, 0x00000000c3900000|  0%| F|  |TAMS 0x00000000c3800000, 0x00000000c3800000| Untracked 
|  33|0x00000000c3900000, 0x00000000c3900000, 0x00000000c3a00000|  0%| F|  |TAMS 0x00000000c3900000, 0x00000000c3900000| Untracked 
|  34|0x00000000c3a00000, 0x00000000c3a00000, 0x00000000c3b00000|  0%| F|  |TAMS 0x00000000c3a00000, 0x00000000c3a00000| Untracked 
|  35|0x00000000c3b00000, 0x00000000c3b00000, 0x00000000c3c00000|  0%| F|  |TAMS 0x00000000c3b00000, 0x00000000c3b00000| Untracked 
|  36|0x00000000c3c00000, 0x00000000c3c00000, 0x00000000c3d00000|  0%| F|  |TAMS 0x00000000c3c00000, 0x00000000c3c00000| Untracked 
|  37|0x00000000c3d00000, 0x00000000c3d00000, 0x00000000c3e00000|  0%| F|  |TAMS 0x00000000c3d00000, 0x00000000c3d00000| Untracked 
|  38|0x00000000c3e00000, 0x00000000c3e00000, 0x00000000c3f00000|  0%| F|  |TAMS 0x00000000c3e00000, 0x00000000c3e00000| Untracked 
|  39|0x00000000c3f00000, 0x00000000c3f00000, 0x00000000c4000000|  0%| F|  |TAMS 0x00000000c3f00000, 0x00000000c3f00000| Untracked 
|  40|0x00000000c4000000, 0x00000000c4000000, 0x00000000c4100000|  0%| F|  |TAMS 0x00000000c4000000, 0x00000000c4000000| Untracked 
|  41|0x00000000c4100000, 0x00000000c4100000, 0x00000000c4200000|  0%| F|  |TAMS 0x00000000c4100000, 0x00000000c4100000| Untracked 
|  42|0x00000000c4200000, 0x00000000c4200000, 0x00000000c4300000|  0%| F|  |TAMS 0x00000000c4200000, 0x00000000c4200000| Untracked 
|  43|0x00000000c4300000, 0x00000000c4300000, 0x00000000c4400000|  0%| F|  |TAMS 0x00000000c4300000, 0x00000000c4300000| Untracked 
|  44|0x00000000c4400000, 0x00000000c4400000, 0x00000000c4500000|  0%| F|  |TAMS 0x00000000c4400000, 0x00000000c4400000| Untracked 
|  45|0x00000000c4500000, 0x00000000c4500000, 0x00000000c4600000|  0%| F|  |TAMS 0x00000000c4500000, 0x00000000c4500000| Untracked 
|  46|0x00000000c4600000, 0x00000000c4600000, 0x00000000c4700000|  0%| F|  |TAMS 0x00000000c4600000, 0x00000000c4600000| Untracked 
|  47|0x00000000c4700000, 0x00000000c4700000, 0x00000000c4800000|  0%| F|  |TAMS 0x00000000c4700000, 0x00000000c4700000| Untracked 
|  48|0x00000000c4800000, 0x00000000c4900000, 0x00000000c4900000|100%| S|CS|TAMS 0x00000000c4800000, 0x00000000c4800000| Complete 
|  49|0x00000000c4900000, 0x00000000c4900000, 0x00000000c4a00000|  0%| F|  |TAMS 0x00000000c4900000, 0x00000000c4900000| Untracked 
|  50|0x00000000c4a00000, 0x00000000c4a00000, 0x00000000c4b00000|  0%| F|  |TAMS 0x00000000c4a00000, 0x00000000c4a00000| Untracked 
|  51|0x00000000c4b00000, 0x00000000c4c00000, 0x00000000c4c00000|100%| S|CS|TAMS 0x00000000c4b00000, 0x00000000c4b00000| Complete 
|  52|0x00000000c4c00000, 0x00000000c4c62938, 0x00000000c4d00000| 38%| E|  |TAMS 0x00000000c4c00000, 0x00000000c4c00000| Complete 
|  53|0x00000000c4d00000, 0x00000000c4e00000, 0x00000000c4e00000|100%| E|CS|TAMS 0x00000000c4d00000, 0x00000000c4d00000| Complete 
|  54|0x00000000c4e00000, 0x00000000c4f00000, 0x00000000c4f00000|100%| E|CS|TAMS 0x00000000c4e00000, 0x00000000c4e00000| Complete 
|  55|0x00000000c4f00000, 0x00000000c5000000, 0x00000000c5000000|100%| E|CS|TAMS 0x00000000c4f00000, 0x00000000c4f00000| Complete 
|  56|0x00000000c5000000, 0x00000000c5100000, 0x00000000c5100000|100%| E|CS|TAMS 0x00000000c5000000, 0x00000000c5000000| Complete 
|  57|0x00000000c5100000, 0x00000000c5200000, 0x00000000c5200000|100%| E|CS|TAMS 0x00000000c5100000, 0x00000000c5100000| Complete 
|  58|0x00000000c5200000, 0x00000000c5300000, 0x00000000c5300000|100%| E|CS|TAMS 0x00000000c5200000, 0x00000000c5200000| Complete 
|  59|0x00000000c5300000, 0x00000000c5400000, 0x00000000c5400000|100%| E|CS|TAMS 0x00000000c5300000, 0x00000000c5300000| Complete 
|  60|0x00000000c5400000, 0x00000000c5500000, 0x00000000c5500000|100%| E|CS|TAMS 0x00000000c5400000, 0x00000000c5400000| Complete 
|  61|0x00000000c5500000, 0x00000000c5600000, 0x00000000c5600000|100%| E|CS|TAMS 0x00000000c5500000, 0x00000000c5500000| Complete 
|  62|0x00000000c5600000, 0x00000000c5700000, 0x00000000c5700000|100%| E|CS|TAMS 0x00000000c5600000, 0x00000000c5600000| Complete 
|  63|0x00000000c5700000, 0x00000000c5800000, 0x00000000c5800000|100%| E|CS|TAMS 0x00000000c5700000, 0x00000000c5700000| Complete 

Card table byte_map: [0x0000019f67b60000,0x0000019f67d60000] _byte_map_base: 0x0000019f67554000

Marking Bits (Prev, Next): (CMBitMap*) 0x0000019f510fc8e0, (CMBitMap*) 0x0000019f510fc920
 Prev Bits: [0x0000019f67f60000, 0x0000019f68f00000)
 Next Bits: [0x0000019f68f00000, 0x0000019f69ea0000)

Polling page: 0x0000019f4ef70000

Metaspace:

Usage:
  Non-class:     10.86 MB used.
      Class:      1.53 MB used.
       Both:     12.39 MB used.

Virtual space:
  Non-class space:       64.00 MB reserved,      11.00 MB ( 17%) committed,  1 nodes.
      Class space:        1.00 GB reserved,       1.69 MB ( <1%) committed,  1 nodes.
             Both:        1.06 GB reserved,      12.69 MB (  1%) committed. 

Chunk freelists:
   Non-Class:  4.50 MB
       Class:  14.23 MB
        Both:  18.73 MB

MaxMetaspaceSize: unlimited
CompressedClassSpaceSize: 1.00 GB
Initial GC threshold: 21.00 MB
Current GC threshold: 21.00 MB
CDS: on
MetaspaceReclaimPolicy: balanced
 - commit_granule_bytes: 65536.
 - commit_granule_words: 8192.
 - virtual_space_node_default_size: 8388608.
 - enlarge_chunks_in_place: 1.
 - new_chunks_are_fully_committed: 0.
 - uncommit_free_chunks: 1.
 - use_allocation_guard: 0.
 - handle_deallocations: 1.


Internal statistics:

num_allocs_failed_limit: 0.
num_arena_births: 212.
num_arena_deaths: 0.
num_vsnodes_births: 2.
num_vsnodes_deaths: 0.
num_space_committed: 203.
num_space_uncommitted: 0.
num_chunks_returned_to_freelist: 0.
num_chunks_taken_from_freelist: 527.
num_chunk_merges: 0.
num_chunk_splits: 311.
num_chunks_enlarged: 211.
num_inconsistent_stats: 0.

CodeHeap 'non-profiled nmethods': size=120000Kb used=566Kb max_used=566Kb free=119433Kb
 bounds [0x0000019f60430000, 0x0000019f606a0000, 0x0000019f67960000]
CodeHeap 'profiled nmethods': size=120000Kb used=3374Kb max_used=3374Kb free=116625Kb
 bounds [0x0000019f58960000, 0x0000019f58cb0000, 0x0000019f5fe90000]
CodeHeap 'non-nmethods': size=5760Kb used=1218Kb max_used=1237Kb free=4541Kb
 bounds [0x0000019f5fe90000, 0x0000019f60100000, 0x0000019f60430000]
 total_blobs=2254 nmethods=1735 adapters=431
 compilation: enabled
              stopped_count=0, restarted_count=0
 full_count=0

Compilation events (20 events):
Event: 75.583 Thread 0x0000019f6c2febd0 1719       3       java.lang.invoke.LambdaForm$Name::replaceNames (175 bytes)
Event: 75.585 Thread 0x0000019f6c2febd0 nmethod 1719 0x0000019f58c9ee90 code [0x0000019f58c9f0c0, 0x0000019f58c9fcd8]
Event: 75.585 Thread 0x0000019f6c2febd0 1720       3       jdk.internal.org.objectweb.asm.Frame::getInputStackSize (6 bytes)
Event: 75.585 Thread 0x0000019f6c2febd0 nmethod 1720 0x0000019f58ca0010 code [0x0000019f58ca01a0, 0x0000019f58ca02b8]
Event: 75.587 Thread 0x0000019f6c2febd0 1721       3       java.nio.MappedByteBuffer::limit (6 bytes)
Event: 75.588 Thread 0x0000019f6c2febd0 nmethod 1721 0x0000019f58ca0390 code [0x0000019f58ca0540, 0x0000019f58ca0748]
Event: 75.595 Thread 0x0000019f6c2febd0 1722       3       java.nio.ByteBuffer::order (48 bytes)
Event: 75.595 Thread 0x0000019f6c2febd0 nmethod 1722 0x0000019f58ca0890 code [0x0000019f58ca0a40, 0x0000019f58ca0c78]
Event: 75.597 Thread 0x0000019f6c2febd0 1723       3       java.nio.DirectByteBuffer::<init> (60 bytes)
Event: 75.597 Thread 0x0000019f6c2febd0 nmethod 1723 0x0000019f58ca0d10 code [0x0000019f58ca0ee0, 0x0000019f58ca1318]
Event: 75.597 Thread 0x0000019f6c2febd0 1724       3       java.nio.MappedByteBuffer::<init> (24 bytes)
Event: 75.598 Thread 0x0000019f6c2febd0 nmethod 1724 0x0000019f58ca1490 code [0x0000019f58ca1640, 0x0000019f58ca17e8]
Event: 75.600 Thread 0x0000019f6c2febd0 1725   !   3       jdk.internal.jimage.BasicImageReader::slice (32 bytes)
Event: 75.601 Thread 0x0000019f6c2febd0 nmethod 1725 0x0000019f58ca1890 code [0x0000019f58ca1a60, 0x0000019f58ca1e88]
Event: 75.601 Thread 0x0000019f6c2febd0 1726       3       java.nio.DirectByteBufferR::<init> (25 bytes)
Event: 75.601 Thread 0x0000019f6c2febd0 nmethod 1726 0x0000019f58ca2010 code [0x0000019f58ca21a0, 0x0000019f58ca2328]
Event: 75.601 Thread 0x0000019f6c2febd0 1727       3       java.nio.DirectByteBufferR::slice (5 bytes)
Event: 75.601 Thread 0x0000019f6c2febd0 nmethod 1727 0x0000019f58ca2410 code [0x0000019f58ca25c0, 0x0000019f58ca2708]
Event: 75.601 Thread 0x0000019f6c2febd0 1728       3       java.nio.DirectByteBufferR::slice (74 bytes)
Event: 75.601 Thread 0x0000019f6c2febd0 nmethod 1728 0x0000019f58ca2790 code [0x0000019f58ca2940, 0x0000019f58ca2c08]

GC Heap History (4 events):
Event: 7.745 GC heap before
{Heap before GC invocations=0 (full 0):
 garbage-first heap   total 65536K, used 12288K [0x00000000c1800000, 0x0000000100000000)
  region size 1024K, 13 young (13312K), 0 survivors (0K)
 Metaspace       used 3103K, committed 3264K, reserved 1114112K
  class space    used 388K, committed 448K, reserved 1048576K
}
Event: 7.754 GC heap after
{Heap after GC invocations=1 (full 0):
 garbage-first heap   total 65536K, used 4939K [0x00000000c1800000, 0x0000000100000000)
  region size 1024K, 2 young (2048K), 2 survivors (2048K)
 Metaspace       used 3103K, committed 3264K, reserved 1114112K
  class space    used 388K, committed 448K, reserved 1048576K
}
Event: 10.817 GC heap before
{Heap before GC invocations=1 (full 0):
 garbage-first heap   total 65536K, used 17227K [0x00000000c1800000, 0x0000000100000000)
  region size 1024K, 14 young (14336K), 2 survivors (2048K)
 Metaspace       used 9380K, committed 9600K, reserved 1114112K
  class space    used 1104K, committed 1216K, reserved 1048576K
}
Event: 10.825 GC heap after
{Heap after GC invocations=2 (full 0):
 garbage-first heap   total 65536K, used 6903K [0x00000000c1800000, 0x0000000100000000)
  region size 1024K, 2 young (2048K), 2 survivors (2048K)
 Metaspace       used 9380K, committed 9600K, reserved 1114112K
  class space    used 1104K, committed 1216K, reserved 1048576K
}

Deoptimization events (20 events):
Event: 11.001 Thread 0x0000019f510bf9e0 DEOPT PACKING pc=0x0000019f604aafc8 sp=0x00000058870fa2f0
Event: 11.001 Thread 0x0000019f510bf9e0 DEOPT UNPACKING pc=0x0000019f5fee23a3 sp=0x00000058870fa278 mode 2
Event: 11.001 Thread 0x0000019f510bf9e0 Uncommon trap: trap_request=0xffffffde fr.pc=0x0000019f604aafc8 relative=0x0000000000000128
Event: 11.001 Thread 0x0000019f510bf9e0 Uncommon trap: reason=class_check action=maybe_recompile pc=0x0000019f604aafc8 method=jdk.internal.misc.Unsafe.allocateUninitializedArray(Ljava/lang/Class;I)Ljava/lang/Object; @ 51 c2
Event: 11.001 Thread 0x0000019f510bf9e0 DEOPT PACKING pc=0x0000019f604aafc8 sp=0x00000058870fdc80
Event: 11.001 Thread 0x0000019f510bf9e0 DEOPT UNPACKING pc=0x0000019f5fee23a3 sp=0x00000058870fdc08 mode 2
Event: 11.002 Thread 0x0000019f510bf9e0 Uncommon trap: trap_request=0xffffffde fr.pc=0x0000019f604aafc8 relative=0x0000000000000128
Event: 11.002 Thread 0x0000019f510bf9e0 Uncommon trap: reason=class_check action=maybe_recompile pc=0x0000019f604aafc8 method=jdk.internal.misc.Unsafe.allocateUninitializedArray(Ljava/lang/Class;I)Ljava/lang/Object; @ 51 c2
Event: 11.002 Thread 0x0000019f510bf9e0 DEOPT PACKING pc=0x0000019f604aafc8 sp=0x00000058870fdc70
Event: 11.002 Thread 0x0000019f510bf9e0 DEOPT UNPACKING pc=0x0000019f5fee23a3 sp=0x00000058870fdbf8 mode 2
Event: 75.307 Thread 0x0000019f510bf9e0 Uncommon trap: trap_request=0xffffffde fr.pc=0x0000019f604b6d2c relative=0x000000000000082c
Event: 75.307 Thread 0x0000019f510bf9e0 Uncommon trap: reason=class_check action=maybe_recompile pc=0x0000019f604b6d2c method=java.util.HashMap.putVal(ILjava/lang/Object;Ljava/lang/Object;ZZ)Ljava/lang/Object; @ 253 c2
Event: 75.307 Thread 0x0000019f510bf9e0 DEOPT PACKING pc=0x0000019f604b6d2c sp=0x00000058870fe510
Event: 75.309 Thread 0x0000019f510bf9e0 DEOPT UNPACKING pc=0x0000019f5fee23a3 sp=0x00000058870fe448 mode 2
Event: 75.397 Thread 0x0000019f510bf9e0 DEOPT PACKING pc=0x0000019f58be0441 sp=0x00000058870fa4a0
Event: 75.397 Thread 0x0000019f510bf9e0 DEOPT UNPACKING pc=0x0000019f5fee2b43 sp=0x00000058870f99b0 mode 0
Event: 75.496 Thread 0x0000019f510bf9e0 Uncommon trap: trap_request=0xffffff45 fr.pc=0x0000019f604a45f4 relative=0x0000000000000ab4
Event: 75.496 Thread 0x0000019f510bf9e0 Uncommon trap: reason=unstable_if action=reinterpret pc=0x0000019f604a45f4 method=java.lang.Integer.stringSize(I)I @ 19 c2
Event: 75.497 Thread 0x0000019f510bf9e0 DEOPT PACKING pc=0x0000019f604a45f4 sp=0x00000058870fe630
Event: 75.497 Thread 0x0000019f510bf9e0 DEOPT UNPACKING pc=0x0000019f5fee23a3 sp=0x00000058870fe530 mode 2

Classes unloaded (0 events):
No events

Classes redefined (0 events):
No events

Internal exceptions (20 events):
Event: 9.935 Thread 0x0000019f510bf9e0 Exception <a 'java/lang/NoSuchMethodError'{0x00000000c4e6c440}: 'java.lang.Object java.lang.invoke.DirectMethodHandle$Holder.invokeVirtual(java.lang.Object, java.lang.Object, java.lang.Object, java.lang.Object)'> (0x00000000c4e6c440) 
thrown [s\open\src\hotspot\share\interpreter\linkResolver.cpp, line 759]
Event: 10.162 Thread 0x0000019f6c536a70 Exception <a 'java/net/ConnectException'{0x00000000c4d02cb8}: Connection refused: no further information> (0x00000000c4d02cb8) 
thrown [s\open\src\hotspot\share\prims\jni.cpp, line 535]
Event: 10.162 Thread 0x0000019f6c536a70 Exception <a 'java/net/SocketException'{0x00000000c4d02ff0}: Socket is not connected: shutdown> (0x00000000c4d02ff0) 
thrown [s\open\src\hotspot\share\prims\jni.cpp, line 535]
Event: 10.186 Thread 0x0000019f6c536a70 Exception <a 'java/net/ConnectException'{0x00000000c4d03fe8}: Connection refused: no further information> (0x00000000c4d03fe8) 
thrown [s\open\src\hotspot\share\prims\jni.cpp, line 535]
Event: 10.186 Thread 0x0000019f6c536a70 Exception <a 'java/net/SocketException'{0x00000000c4d04320}: Socket is not connected: shutdown> (0x00000000c4d04320) 
thrown [s\open\src\hotspot\share\prims\jni.cpp, line 535]
Event: 10.221 Thread 0x0000019f6c536a70 Exception <a 'java/net/ConnectException'{0x00000000c4d05248}: Connection refused: no further information> (0x00000000c4d05248) 
thrown [s\open\src\hotspot\share\prims\jni.cpp, line 535]
Event: 10.221 Thread 0x0000019f6c536a70 Exception <a 'java/net/SocketException'{0x00000000c4d05580}: Socket is not connected: shutdown> (0x00000000c4d05580) 
thrown [s\open\src\hotspot\share\prims\jni.cpp, line 535]
Event: 10.263 Thread 0x0000019f6c536a70 Exception <a 'java/net/ConnectException'{0x00000000c4d064a8}: Connection refused: no further information> (0x00000000c4d064a8) 
thrown [s\open\src\hotspot\share\prims\jni.cpp, line 535]
Event: 10.264 Thread 0x0000019f6c536a70 Exception <a 'java/net/SocketException'{0x00000000c4d067e0}: Socket is not connected: shutdown> (0x00000000c4d067e0) 
thrown [s\open\src\hotspot\share\prims\jni.cpp, line 535]
Event: 10.374 Thread 0x0000019f6c536a70 Exception <a 'java/net/ConnectException'{0x00000000c4d07708}: Connection refused: no further information> (0x00000000c4d07708) 
thrown [s\open\src\hotspot\share\prims\jni.cpp, line 535]
Event: 10.374 Thread 0x0000019f6c536a70 Exception <a 'java/net/SocketException'{0x00000000c4d07a40}: Socket is not connected: shutdown> (0x00000000c4d07a40) 
thrown [s\open\src\hotspot\share\prims\jni.cpp, line 535]
Event: 10.777 Thread 0x0000019f510bf9e0 Exception <a 'java/lang/NoSuchMethodError'{0x00000000c4c36190}: 'java.lang.Object java.lang.invoke.DirectMethodHandle$Holder.newInvokeSpecial(java.lang.Object, java.lang.Object, int, int)'> (0x00000000c4c36190) 
thrown [s\open\src\hotspot\share\interpreter\linkResolver.cpp, line 759]
Event: 10.783 Thread 0x0000019f510bf9e0 Exception <a 'java/lang/NoSuchMethodError'{0x00000000c4c415c8}: 'void java.lang.invoke.DirectMethodHandle$Holder.invokeStatic(java.lang.Object, java.lang.Object, int)'> (0x00000000c4c415c8) 
thrown [s\open\src\hotspot\share\interpreter\linkResolver.cpp, line 759]
Event: 10.839 Thread 0x0000019f510bf9e0 Exception <a 'java/lang/NoSuchMethodError'{0x00000000c5752128}: 'java.lang.Object java.lang.invoke.DirectMethodHandle$Holder.newInvokeSpecial(java.lang.Object, java.lang.Object, java.lang.Object, java.lang.Object, java.lang.Object)'> (0x00000000c5752128) 
thrown [s\open\src\hotspot\share\interpreter\linkResolver.cpp, line 759]
Event: 10.987 Thread 0x0000019f510bf9e0 Exception <a 'java/lang/NoSuchMethodError'{0x00000000c55eeca8}: 'void java.lang.invoke.DirectMethodHandle$Holder.invokeSpecial(java.lang.Object, java.lang.Object, java.lang.Object)'> (0x00000000c55eeca8) 
thrown [s\open\src\hotspot\share\interpreter\linkResolver.cpp, line 759]
Event: 11.088 Thread 0x0000019f6c537490 Exception <a 'java/lang/NoSuchMethodError'{0x00000000c54b7668}: 'java.lang.Object java.lang.invoke.DirectMethodHandle$Holder.invokeSpecial(java.lang.Object, java.lang.Object, java.lang.Object, java.lang.Object, int)'> (0x00000000c54b7668) 
thrown [s\open\src\hotspot\share\interpreter\linkResolver.cpp, line 759]
Event: 11.088 Thread 0x0000019f6c537490 Exception <a 'java/lang/NoSuchMethodError'{0x00000000c54bb230}: 'java.lang.Object java.lang.invoke.Invokers$Holder.linkToTargetMethod(java.lang.Object, java.lang.Object, int, java.lang.Object)'> (0x00000000c54bb230) 
thrown [s\open\src\hotspot\share\interpreter\linkResolver.cpp, line 759]
Event: 11.164 Thread 0x0000019f6c537490 Exception <a 'java/lang/NoSuchMethodError'{0x00000000c53111e8}: 'void java.lang.invoke.DirectMethodHandle$Holder.invokeSpecial(java.lang.Object, java.lang.Object, java.lang.Object, java.lang.Object, java.lang.Object)'> (0x00000000c53111e8) 
thrown [s\open\src\hotspot\share\interpreter\linkResolver.cpp, line 759]
Event: 74.948 Thread 0x0000019f6c5379a0 Exception <a 'java/lang/NoSuchMethodError'{0x00000000c527cc28}: 'void java.lang.invoke.DirectMethodHandle$Holder.invokeSpecial(java.lang.Object, java.lang.Object, java.lang.Object, java.lang.Object, java.lang.Object, java.lang.Object, java.lang.Object)'> (0x00000000c527cc28) 
thrown [s\open\src\hotspot\share\interpreter\linkResolver.cpp, line 759]
Event: 75.292 Thread 0x0000019f510bf9e0 Exception <a 'java/lang/NoSuchMethodError'{0x00000000c50c17f0}: 'java.lang.Object java.lang.invoke.DirectMethodHandle$Holder.invokeSpecialIFC(java.lang.Object, java.lang.Object, java.lang.Object)'> (0x00000000c50c17f0) 
thrown [s\open\src\hotspot\share\interpreter\linkResolver.cpp, line 759]

VM Operations (20 events):
Event: 7.883 Executing VM operation: HandshakeAllThreads
Event: 7.883 Executing VM operation: HandshakeAllThreads done
Event: 8.885 Executing VM operation: HandshakeAllThreads
Event: 8.885 Executing VM operation: HandshakeAllThreads done
Event: 8.885 Executing VM operation: Cleanup
Event: 8.885 Executing VM operation: Cleanup done
Event: 9.887 Executing VM operation: Cleanup
Event: 9.887 Executing VM operation: Cleanup done
Event: 10.565 Executing VM operation: HandshakeAllThreads
Event: 10.565 Executing VM operation: HandshakeAllThreads done
Event: 10.566 Executing VM operation: HandshakeAllThreads
Event: 10.566 Executing VM operation: HandshakeAllThreads done
Event: 10.570 Executing VM operation: HandshakeAllThreads
Event: 10.570 Executing VM operation: HandshakeAllThreads done
Event: 10.817 Executing VM operation: G1CollectForAllocation
Event: 10.825 Executing VM operation: G1CollectForAllocation done
Event: 11.829 Executing VM operation: Cleanup
Event: 11.829 Executing VM operation: Cleanup done
Event: 75.394 Executing VM operation: Cleanup
Event: 75.394 Executing VM operation: Cleanup done

Events (20 events):
Event: 75.502 Thread 0x0000019f6c537490 Thread added: 0x0000019f6c537490
Event: 75.505 Thread 0x0000019f6c535120 Thread added: 0x0000019f6c535120
Event: 75.524 Thread 0x0000019f715c10a0 Thread added: 0x0000019f715c10a0
Event: 75.524 Thread 0x0000019f715bd3e0 Thread added: 0x0000019f715bd3e0
Event: 75.543 loading class java/util/concurrent/locks/ReadWriteLock
Event: 75.543 loading class java/util/concurrent/locks/ReadWriteLock done
Event: 75.549 loading class java/util/concurrent/locks/ReentrantReadWriteLock
Event: 75.550 loading class java/util/concurrent/locks/ReentrantReadWriteLock done
Event: 75.551 loading class java/util/concurrent/locks/ReentrantReadWriteLock$FairSync
Event: 75.551 loading class java/util/concurrent/locks/ReentrantReadWriteLock$Sync
Event: 75.551 loading class java/util/concurrent/locks/ReentrantReadWriteLock$Sync done
Event: 75.551 loading class java/util/concurrent/locks/ReentrantReadWriteLock$FairSync done
Event: 75.551 loading class java/util/concurrent/locks/ReentrantReadWriteLock$Sync$ThreadLocalHoldCounter
Event: 75.551 loading class java/util/concurrent/locks/ReentrantReadWriteLock$Sync$ThreadLocalHoldCounter done
Event: 75.551 loading class java/util/concurrent/locks/ReentrantReadWriteLock$ReadLock
Event: 75.551 loading class java/util/concurrent/locks/ReentrantReadWriteLock$ReadLock done
Event: 75.551 loading class java/util/concurrent/locks/ReentrantReadWriteLock$WriteLock
Event: 75.552 loading class java/util/concurrent/locks/ReentrantReadWriteLock$WriteLock done
Event: 75.573 loading class sun/net/www/HeaderParser
Event: 75.574 loading class sun/net/www/HeaderParser done


Dynamic libraries:
0x00007ff793050000 - 0x00007ff793060000 	C:\Program Files\Java\jdk-17\bin\javaw.exe
0x00007fff0a370000 - 0x00007fff0a567000 	C:\WINDOWS\SYSTEM32\ntdll.dll
0x00007fff08d00000 - 0x00007fff08dbd000 	C:\WINDOWS\System32\KERNEL32.DLL
0x00007fff07ab0000 - 0x00007fff07da6000 	C:\WINDOWS\System32\KERNELBASE.dll
0x00007fff082b0000 - 0x00007fff083b0000 	C:\WINDOWS\System32\ucrtbase.dll
0x00007ffee5240000 - 0x00007ffee5259000 	C:\Program Files\Java\jdk-17\bin\jli.dll
0x00007fff0a210000 - 0x00007fff0a2be000 	C:\WINDOWS\System32\ADVAPI32.dll
0x00007fff09910000 - 0x00007fff099ae000 	C:\WINDOWS\System32\msvcrt.dll
0x00007fff08fb0000 - 0x00007fff0904c000 	C:\WINDOWS\System32\sechost.dll
0x00007fff091f0000 - 0x00007fff09316000 	C:\WINDOWS\System32\RPCRT4.dll
0x00007ffee5220000 - 0x00007ffee523b000 	C:\Program Files\Java\jdk-17\bin\VCRUNTIME140.dll
0x00007fff09b60000 - 0x00007fff09cfe000 	C:\WINDOWS\System32\USER32.dll
0x00007fff083b0000 - 0x00007fff083d2000 	C:\WINDOWS\System32\win32u.dll
0x00007fff09810000 - 0x00007fff0983c000 	C:\WINDOWS\System32\GDI32.dll
0x00007fff07fa0000 - 0x00007fff080ba000 	C:\WINDOWS\System32\gdi32full.dll
0x00007fff080c0000 - 0x00007fff0815d000 	C:\WINDOWS\System32\msvcp_win.dll
0x00007ffefe5c0000 - 0x00007ffefe5ca000 	C:\WINDOWS\SYSTEM32\VERSION.dll
0x00007ffeecb50000 - 0x00007ffeecdea000 	C:\WINDOWS\WinSxS\amd64_microsoft.windows.common-controls_6595b64144ccf1df_6.0.19041.3570_none_60bb2a3971f3e41a\COMCTL32.dll
0x00007fff09d00000 - 0x00007fff09d30000 	C:\WINDOWS\System32\IMM32.DLL
0x00007ffee8d40000 - 0x00007ffee8d4c000 	C:\Program Files\Java\jdk-17\bin\vcruntime140_1.dll
0x00007ffee5190000 - 0x00007ffee521e000 	C:\Program Files\Java\jdk-17\bin\msvcp140.dll
0x00007ffe86cb0000 - 0x00007ffe87891000 	C:\Program Files\Java\jdk-17\bin\server\jvm.dll
0x00007fff0a2c0000 - 0x00007fff0a2c8000 	C:\WINDOWS\System32\PSAPI.DLL
0x00007ffeeb110000 - 0x00007ffeeb137000 	C:\WINDOWS\SYSTEM32\WINMM.dll
0x00007ffeb6980000 - 0x00007ffeb6989000 	C:\WINDOWS\SYSTEM32\WSOCK32.dll
0x00007fff09840000 - 0x00007fff098ab000 	C:\WINDOWS\System32\WS2_32.dll
0x00007fff062e0000 - 0x00007fff062f2000 	C:\WINDOWS\SYSTEM32\kernel.appcore.dll
0x00007ffee6ca0000 - 0x00007ffee6caa000 	C:\Program Files\Java\jdk-17\bin\jimage.dll
0x00007fff05830000 - 0x00007fff05a14000 	C:\WINDOWS\SYSTEM32\DBGHELP.DLL
0x00007ffeee620000 - 0x00007ffeee654000 	C:\WINDOWS\SYSTEM32\dbgcore.DLL
0x00007fff07f10000 - 0x00007fff07f92000 	C:\WINDOWS\System32\bcryptPrimitives.dll
0x00007ffee5160000 - 0x00007ffee5185000 	C:\Program Files\Java\jdk-17\bin\java.dll
0x00007ffee5080000 - 0x00007ffee5157000 	C:\Program Files\Java\jdk-17\bin\jsvml.dll
0x00007fff085b0000 - 0x00007fff08cf4000 	C:\WINDOWS\System32\SHELL32.dll
0x00007fff05a20000 - 0x00007fff061bb000 	C:\WINDOWS\SYSTEM32\windows.storage.dll
0x00007fff09dd0000 - 0x00007fff0a124000 	C:\WINDOWS\System32\combase.dll
0x00007fff07420000 - 0x00007fff0744d000 	C:\WINDOWS\SYSTEM32\Wldp.dll
0x00007fff08f00000 - 0x00007fff08fad000 	C:\WINDOWS\System32\SHCORE.dll
0x00007fff09060000 - 0x00007fff090b5000 	C:\WINDOWS\System32\shlwapi.dll
0x00007fff079e0000 - 0x00007fff07a05000 	C:\WINDOWS\SYSTEM32\profapi.dll
0x00007ffee2720000 - 0x00007ffee2739000 	C:\Program Files\Java\jdk-17\bin\net.dll
0x00007ffefb720000 - 0x00007ffefb82a000 	C:\WINDOWS\SYSTEM32\WINHTTP.dll
0x00007fff07180000 - 0x00007fff071ea000 	C:\WINDOWS\system32\mswsock.dll
0x00007ffee2700000 - 0x00007ffee2716000 	C:\Program Files\Java\jdk-17\bin\nio.dll
0x00007ffee26e0000 - 0x00007ffee26f8000 	C:\Program Files\Java\jdk-17\bin\zip.dll
0x00007fff06eb0000 - 0x00007fff06f7a000 	C:\WINDOWS\SYSTEM32\DNSAPI.dll
0x00007fff06e70000 - 0x00007fff06eab000 	C:\WINDOWS\SYSTEM32\IPHLPAPI.DLL
0x00007fff09050000 - 0x00007fff09058000 	C:\WINDOWS\System32\NSI.dll
0x00007ffefa460000 - 0x00007ffefa46a000 	C:\Windows\System32\rasadhlp.dll
0x00007ffefb180000 - 0x00007ffefb202000 	C:\WINDOWS\System32\fwpuclnt.dll
0x00007fff08210000 - 0x00007fff08237000 	C:\WINDOWS\System32\bcrypt.dll
0x00007fff07380000 - 0x00007fff07398000 	C:\WINDOWS\SYSTEM32\CRYPTSP.dll
0x00007fff06a90000 - 0x00007fff06ac4000 	C:\WINDOWS\system32\rsaenh.dll
0x00007fff07960000 - 0x00007fff0798e000 	C:\WINDOWS\SYSTEM32\USERENV.dll
0x00007fff07370000 - 0x00007fff0737c000 	C:\WINDOWS\SYSTEM32\CRYPTBASE.dll
0x00007ffefceb0000 - 0x00007ffefcec7000 	C:\WINDOWS\SYSTEM32\dhcpcsvc6.DLL
0x00007ffefce20000 - 0x00007ffefce3d000 	C:\WINDOWS\SYSTEM32\dhcpcsvc.DLL
0x00007ffed7960000 - 0x00007ffed796e000 	C:\Program Files\Java\jdk-17\bin\sunmscapi.dll
0x00007fff07db0000 - 0x00007fff07f0d000 	C:\WINDOWS\System32\CRYPT32.dll
0x00007fff07490000 - 0x00007fff074b7000 	C:\WINDOWS\SYSTEM32\ncrypt.dll
0x00007fff07450000 - 0x00007fff0748b000 	C:\WINDOWS\SYSTEM32\NTASN1.dll
0x00007ffed5a70000 - 0x00007ffed5a77000 	C:\WINDOWS\system32\wshunix.dll

dbghelp: loaded successfully - version: 4.0.5 - missing functions: none
symbol engine: initialized successfully - sym options: 0x614 - pdb path: .;C:\Program Files\Java\jdk-17\bin;C:\WINDOWS\SYSTEM32;C:\WINDOWS\WinSxS\amd64_microsoft.windows.common-controls_6595b64144ccf1df_6.0.19041.3570_none_60bb2a3971f3e41a;C:\Program Files\Java\jdk-17\bin\server

VM Arguments:
jvm_args: -Dfile.encoding=UTF-8 -Dstdout.encoding=UTF-8 -Dstderr.encoding=UTF-8 -XX:+ShowCodeDetailsInExceptionMessages 
java_command: MYAssignmentScript.AmzaonAsignment
java_class_path (initial): C:\Users\master\aa\AssignmentSelenium\MySeleniumScripts\target\test-classes;C:\Users\master\aa\AssignmentSelenium\MySeleniumScripts\target\classes;C:\Users\master\Downloads\selenium-java-4.15.0\selenium-api-4.15.0.jar;C:\Users\master\Downloads\selenium-java-4.15.0\selenium-api-4.15.0-sources.jar;C:\Users\master\Downloads\selenium-java-4.15.0\selenium-chrome-driver-4.15.0.jar;C:\Users\master\Downloads\selenium-java-4.15.0\selenium-chrome-driver-4.15.0-sources.jar;C:\Users\master\Downloads\selenium-java-4.15.0\selenium-chromium-driver-4.15.0.jar;C:\Users\master\Downloads\selenium-java-4.15.0\selenium-chromium-driver-4.15.0-sources.jar;C:\Users\master\Downloads\selenium-java-4.15.0\selenium-devtools-v85-4.15.0.jar;C:\Users\master\Downloads\selenium-java-4.15.0\selenium-devtools-v85-4.15.0-sources.jar;C:\Users\master\Downloads\selenium-java-4.15.0\selenium-devtools-v117-4.15.0.jar;C:\Users\master\Downloads\selenium-java-4.15.0\selenium-devtools-v117-4.15.0-sources.jar;C:\Users\master\Downloads\selenium-java-4.15.0\selenium-devtools-v118-4.15.0.jar;C:\Users\master\Downloads\selenium-java-4.15.0\selenium-devtools-v118-4.15.0-sources.jar;C:\Users\master\Downloads\selenium-java-4.15.0\selenium-devtools-v119-4.15.0.jar;C:\Users\master\Downloads\selenium-java-4.15.0\selenium-devtools-v119-4.15.0-sources.jar;C:\Users\master\Downloads\selenium-java-4.15.0\selenium-edge-driver-4.15.0.jar;C:\Users\master\Downloads\selenium-java-4.15.0\selenium-edge-driver-4.15.0-sources.jar;C:\Users\master\Downloads\selenium-java-4.15.0\selenium-firefox-driver-4.15.0.jar;C:\Users\master\Downloads\selenium-java-4.15.0\selenium-firefox-driver-4.15.0-sources.jar;C:\Users\master\Downloads\selenium-java-4.15.0\selenium-http-4.15.0.jar;C:\Users\master\Downloads\selenium-java-4.15.0\selenium-http-4.15.0-sources.jar;C:\Users\master\Downloads\selenium-java-4.15.0\selenium-ie-driver-4.15.0.jar;C:\Users\master\Downloads\selenium-java-4.15.0\selenium-ie-driver-4.15.0-sources.jar;
Launcher Type: SUN_STANDARD

[Global flags]
     intx CICompilerCount                          = 3                                         {product} {ergonomic}
     uint ConcGCThreads                            = 1                                         {product} {ergonomic}
     uint G1ConcRefinementThreads                  = 4                                         {product} {ergonomic}
   size_t G1HeapRegionSize                         = 1048576                                   {product} {ergonomic}
    uintx GCDrainStackTargetSize                   = 64                                        {product} {ergonomic}
   size_t InitialHeapSize                          = 67108864                                  {product} {ergonomic}
   size_t MarkStackSize                            = 4194304                                   {product} {ergonomic}
   size_t MaxHeapSize                              = 1048576000                                {product} {ergonomic}
   size_t MaxNewSize                               = 629145600                                 {product} {ergonomic}
   size_t MinHeapDeltaBytes                        = 1048576                                   {product} {ergonomic}
   size_t MinHeapSize                              = 8388608                                   {product} {ergonomic}
    uintx NonNMethodCodeHeapSize                   = 5832780                                {pd product} {ergonomic}
    uintx NonProfiledCodeHeapSize                  = 122912730                              {pd product} {ergonomic}
    uintx ProfiledCodeHeapSize                     = 122912730                              {pd product} {ergonomic}
    uintx ReservedCodeCacheSize                    = 251658240                              {pd product} {ergonomic}
     bool SegmentedCodeCache                       = true                                      {product} {ergonomic}
     bool ShowCodeDetailsInExceptionMessages       = true                                   {manageable} {command line}
   size_t SoftMaxHeapSize                          = 1048576000                             {manageable} {ergonomic}
     bool UseCompressedClassPointers               = true                           {product lp64_product} {ergonomic}
     bool UseCompressedOops                        = true                           {product lp64_product} {ergonomic}
     bool UseG1GC                                  = true                                      {product} {ergonomic}
     bool UseLargePagesIndividualAllocation        = false                                  {pd product} {ergonomic}

Logging:
Log output configuration:
 #0: stdout all=warning uptime,level,tags
 #1: stderr all=off uptime,level,tags

Environment Variables:
PATH=C:\Program Files\Common Files\Oracle\Java\javapath;C:\Program Files\nodejs\;C:\WINDOWS;C:\WINDOWS\System32\Wbem;C:\WINDOWS\System32\WindowsPowerShell\v1.0\;C:\WINDOWS\System32\OpenSSH\;C:\WINDOWS\system32;C:\Program Files\PuTTY\;C:\Program Files\Git\cmd;C:\Program Files\PowerShell\7\;C:\Program Files\MySQL\MySQL Shell 8.0\bin\;C:\Users\master\AppData\Roaming\npm;C:\Users\master\AppData\Local\Programs\Microsoft VS Code\bin;C:\Users\master\AppData\Local\Microsoft\WindowsApps;C:\ProgramData\master\GitHubDesktop\bin;
USERNAME=master
OS=Windows_NT
PROCESSOR_IDENTIFIER=Intel64 Family 6 Model 142 Stepping 9, GenuineIntel



---------------  S Y S T E M  ---------------

OS:
 Windows 10 , 64 bit Build 19041 (10.0.19041.3570)
OS uptime: 0 days 2:06 hours

CPU: total 4 (initial active 4) (2 cores per cpu, 2 threads per core) family 6 model 142 stepping 9 microcode 0xf4, cx8, cmov, fxsr, ht, mmx, 3dnowpref, sse, sse2, sse3, ssse3, sse4.1, sse4.2, popcnt, lzcnt, tsc, tscinvbit, avx, avx2, aes, erms, clmul, bmi1, bmi2, adx, fma, vzeroupper, clflush, clflushopt

Memory: 4k page, system-wide physical 3992M (115M free)
TotalPageFile size 16280M (AvailPageFile size 2M)
current process WorkingSet (physical memory assigned to process): 66M, peak: 79M
current process commit charge ("private bytes"): 164M, peak: 165M

vm_info: Java HotSpot(TM) 64-Bit Server VM (17.0.9+11-LTS-201) for windows-amd64 JRE (17.0.9+11-LTS-201), built on Oct 10 2023 23:16:06 by "mach5one" with MS VC++ 17.1 (VS2022)

END.
