#
# There is insufficient memory for the Java Runtime Environment to continue.
# Native memory allocation (malloc) failed to allocate 32744 bytes for ChunkPool::allocate
# Possible reasons:
#   The system is out of physical RAM or swap space
#   The process is running with CompressedOops enabled, and the Java Heap may be blocking the growth of the native heap
# Possible solutions:
#   Reduce memory load on the system
#   Increase physical memory or swap space
#   Check if swap backing store is full
#   Decrease Java heap size (-Xmx/-Xms)
#   Decrease number of Java threads
#   Decrease Java thread stack sizes (-Xss)
#   Set larger code cache with -XX:ReservedCodeCacheSize=
#   JVM is running with Unscaled Compressed Oops mode in which the Java heap is
#     placed in the first 4GB address space. The Java Heap base address is the
#     maximum limit for the native heap growth. Please use -XX:HeapBaseMinAddress
#     to set the Java Heap base and to place the Java Heap above 4GB virtual address.
# This output file may be truncated or incomplete.
#
#  Out of Memory Error (arena.cpp:78), pid=21488, tid=25200
#
# JRE version: Java(TM) SE Runtime Environment (17.0.9+11) (build 17.0.9+11-LTS-201)
# Java VM: Java HotSpot(TM) 64-Bit Server VM (17.0.9+11-LTS-201, mixed mode, sharing, tiered, compressed oops, compressed class ptrs, g1 gc, windows-amd64)
# No core dump will be written. Minidumps are not enabled by default on client versions of Windows
#

---------------  S U M M A R Y ------------

Command Line: -Dfile.encoding=UTF-8 -Dstdout.encoding=UTF-8 -Dstderr.encoding=UTF-8 -XX:+ShowCodeDetailsInExceptionMessages MYAssignmentScript.AmzaonAsignment

Host: Intel(R) Core(TM) i3-7020U CPU @ 2.30GHz, 4 cores, 3G,  Windows 10 , 64 bit Build 19041 (10.0.19041.3570)
Time: Fri Nov 10 15:21:40 2023 India Standard Time elapsed time: 26.959121 seconds (0d 0h 0m 26s)

---------------  T H R E A D  ---------------

Current thread (0x00000252d97f2bc0):  JavaThread "pool-1-thread-2" [_thread_in_vm, id=25200, stack(0x000000cba1900000,0x000000cba1a00000)]

Stack: [0x000000cba1900000,0x000000cba1a00000]
Native frames: (J=compiled Java code, j=interpreted, Vv=VM code, C=native code)
V  [jvm.dll+0x678a4a]
V  [jvm.dll+0x7d9cfd]
V  [jvm.dll+0x7db60e]
V  [jvm.dll+0x7dbc73]
V  [jvm.dll+0x245e1f]
V  [jvm.dll+0xaad50]
V  [jvm.dll+0xab09c]
V  [jvm.dll+0x2bee4e]
V  [jvm.dll+0x2be406]
V  [jvm.dll+0x1eb2f2]
V  [jvm.dll+0x1e03aa]
V  [jvm.dll+0x53eaec]
V  [jvm.dll+0x7546bd]
V  [jvm.dll+0x75461a]
V  [jvm.dll+0x40cdf3]
V  [jvm.dll+0x42041c]
C  [java.dll+0x1657]

Java frames: (J=compiled Java code, j=interpreted, Vv=VM code)
J 1533  java.lang.ClassLoader.defineClass0(Ljava/lang/ClassLoader;Ljava/lang/Class;Ljava/lang/String;[BIILjava/security/ProtectionDomain;ZILjava/lang/Object;)Ljava/lang/Class; java.base@17.0.9 (0 bytes) @ 0x00000252ccf3da11 [0x00000252ccf3d920+0x00000000000000f1]
J 1532 c1 java.lang.System$2.defineClass(Ljava/lang/ClassLoader;Ljava/lang/Class;Ljava/lang/String;[BLjava/security/ProtectionDomain;ZILjava/lang/Object;)Ljava/lang/Class; java.base@17.0.9 (21 bytes) @ 0x00000252c56b5dec [0x00000252c56b5d40+0x00000000000000ac]
J 1531 c1 java.lang.invoke.MethodHandles$Lookup$ClassDefiner.defineClass(ZLjava/lang/Object;)Ljava/lang/Class; java.base@17.0.9 (97 bytes) @ 0x00000252c56b51fc [0x00000252c56b46c0+0x0000000000000b3c]
j  java.lang.invoke.InvokerBytecodeGenerator.loadMethod([B)Ljava/lang/invoke/MemberName;+16 java.base@17.0.9
j  java.lang.invoke.InvokerBytecodeGenerator.generateCustomizedCode(Ljava/lang/invoke/LambdaForm;Ljava/lang/invoke/MethodType;)Ljava/lang/invoke/MemberName;+30 java.base@17.0.9
j  java.lang.invoke.LambdaForm.compileToBytecode()V+69 java.base@17.0.9
j  java.lang.invoke.DirectMethodHandle.makePreparedLambdaForm(Ljava/lang/invoke/MethodType;I)Ljava/lang/invoke/LambdaForm;+792 java.base@17.0.9
J 1246 c1 java.lang.invoke.DirectMethodHandle.preparedLambdaForm(Ljava/lang/invoke/MemberName;Z)Ljava/lang/invoke/LambdaForm; java.base@17.0.9 (244 bytes) @ 0x00000252c562490c [0x00000252c5623f00+0x0000000000000a0c]
J 1374 c1 java.lang.invoke.DirectMethodHandle.make(BLjava/lang/Class;Ljava/lang/invoke/MemberName;Ljava/lang/Class;)Ljava/lang/invoke/DirectMethodHandle; java.base@17.0.9 (275 bytes) @ 0x00000252c5661f34 [0x00000252c56612a0+0x0000000000000c94]
J 1459 c1 java.lang.invoke.MethodHandles$Lookup.getDirectMethodCommon(BLjava/lang/Class;Ljava/lang/invoke/MemberName;ZZLjava/lang/invoke/MethodHandles$Lookup;)Ljava/lang/invoke/MethodHandle; java.base@17.0.9 (280 bytes) @ 0x00000252c56940cc [0x00000252c5693720+0x00000000000009ac]
J 1483 c1 java.lang.invoke.MethodHandles$Lookup.getDirectMethodNoSecurityManager(BLjava/lang/Class;Ljava/lang/invoke/MemberName;Ljava/lang/invoke/MethodHandles$Lookup;)Ljava/lang/invoke/MethodHandle; java.base@17.0.9 (18 bytes) @ 0x00000252c56a33a4 [0x00000252c56a3320+0x0000000000000084]
J 1535 c1 java.lang.invoke.MethodHandles$Lookup.getDirectMethodForConstant(BLjava/lang/Class;Ljava/lang/invoke/MemberName;)Ljava/lang/invoke/MethodHandle; java.base@17.0.9 (72 bytes) @ 0x00000252c56b8a7c [0x00000252c56b7de0+0x0000000000000c9c]
J 1307 c1 java.lang.invoke.MethodHandles$Lookup.linkMethodHandleConstant(BLjava/lang/Class;Ljava/lang/String;Ljava/lang/Object;)Ljava/lang/invoke/MethodHandle; java.base@17.0.9 (223 bytes) @ 0x00000252c564763c [0x00000252c5646860+0x0000000000000ddc]
J 1306 c1 java.lang.invoke.MethodHandleNatives.linkMethodHandleConstant(Ljava/lang/Class;ILjava/lang/Class;Ljava/lang/String;Ljava/lang/Object;)Ljava/lang/invoke/MethodHandle; java.base@17.0.9 (50 bytes) @ 0x00000252c5645da4 [0x00000252c5645ce0+0x00000000000000c4]
v  ~StubRoutines::call_stub
j  jdk.internal.net.http.Http1Response.readBody(Ljava/net/http/HttpResponse$BodySubscriber;ZLjava/util/concurrent/Executor;)Ljava/util/concurrent/CompletableFuture;+199 java.net.http@17.0.9
j  jdk.internal.net.http.Http1Exchange.readBodyAsync(Ljava/net/http/HttpResponse$BodyHandler;ZLjava/util/concurrent/Executor;)Ljava/util/concurrent/CompletableFuture;+40 java.net.http@17.0.9
j  jdk.internal.net.http.Exchange.readBodyAsync(Ljava/net/http/HttpResponse$BodyHandler;)Ljava/util/concurrent/CompletableFuture;+36 java.net.http@17.0.9
j  jdk.internal.net.http.MultiExchange.lambda$responseAsync0$4(Ljdk/internal/net/http/Response;)Ljava/util/concurrent/CompletionStage;+53 java.net.http@17.0.9
j  jdk.internal.net.http.MultiExchange$$Lambda$302+0x00000252db136458.apply(Ljava/lang/Object;)Ljava/lang/Object;+8 java.net.http@17.0.9
j  java.util.concurrent.CompletableFuture$UniCompose.tryFire(I)Ljava/util/concurrent/CompletableFuture;+105 java.base@17.0.9
j  java.util.concurrent.CompletableFuture.postComplete()V+76 java.base@17.0.9
j  java.util.concurrent.CompletableFuture.postFire(Ljava/util/concurrent/CompletableFuture;I)Ljava/util/concurrent/CompletableFuture;+64 java.base@17.0.9
j  java.util.concurrent.CompletableFuture$UniApply.tryFire(I)Ljava/util/concurrent/CompletableFuture;+145 java.base@17.0.9
j  java.util.concurrent.CompletableFuture$Completion.run()V+2 java.base@17.0.9
j  jdk.internal.net.http.HttpClientImpl$DelegatingExecutor.execute(Ljava/lang/Runnable;)V+26 java.net.http@17.0.9
j  java.util.concurrent.CompletableFuture$UniCompletion.claim()Z+27 java.base@17.0.9
j  java.util.concurrent.CompletableFuture$UniApply.tryFire(I)Ljava/util/concurrent/CompletableFuture;+89 java.base@17.0.9
j  java.util.concurrent.CompletableFuture.postComplete()V+76 java.base@17.0.9
j  java.util.concurrent.CompletableFuture.complete(Ljava/lang/Object;)Z+7 java.base@17.0.9
j  jdk.internal.net.http.Http1Response$HeadersReader.handle(Ljava/nio/ByteBuffer;Ljdk/internal/net/http/Http1HeaderParser;Ljava/util/concurrent/CompletableFuture;)V+168 java.net.http@17.0.9
j  jdk.internal.net.http.Http1Response$HeadersReader.handle(Ljava/nio/ByteBuffer;Ljava/lang/Object;Ljava/util/concurrent/CompletableFuture;)V+7 java.net.http@17.0.9
j  jdk.internal.net.http.Http1Response$Receiver.accept(Ljava/nio/ByteBuffer;Ljava/lang/Object;Ljava/util/concurrent/CompletableFuture;)Z+21 java.net.http@17.0.9
j  jdk.internal.net.http.Http1Response$HeadersReader.tryAsyncReceive(Ljava/nio/ByteBuffer;)Z+39 java.net.http@17.0.9
j  jdk.internal.net.http.Http1AsyncReceiver.flush()V+198 java.net.http@17.0.9
j  jdk.internal.net.http.Http1AsyncReceiver$$Lambda$330+0x00000252db183310.run()V+4 java.net.http@17.0.9
j  jdk.internal.net.http.common.SequentialScheduler$LockingRestartableTask.run()V+34 java.net.http@17.0.9
j  jdk.internal.net.http.common.SequentialScheduler$CompleteRestartableTask.run(Ljdk/internal/net/http/common/SequentialScheduler$DeferredCompleter;)V+1 java.net.http@17.0.9
j  jdk.internal.net.http.common.SequentialScheduler$SchedulableTask.run()V+14 java.net.http@17.0.9
j  java.util.concurrent.ThreadPoolExecutor.runWorker(Ljava/util/concurrent/ThreadPoolExecutor$Worker;)V+92 java.base@17.0.9
j  java.util.concurrent.ThreadPoolExecutor$Worker.run()V+5 java.base@17.0.9
j  java.lang.Thread.run()V+11 java.base@17.0.9
v  ~StubRoutines::call_stub

---------------  P R O C E S S  ---------------

Threads class SMR info:
_java_thread_list=0x000002531f610350, length=20, elements={
0x00000252bc340c10, 0x00000252bc400e60, 0x00000252bc401800, 0x00000252bc40d350,
0x00000252d94aff40, 0x00000252d94b0420, 0x00000252d94bd930, 0x00000252d94c1640,
0x00000252d94c1b60, 0x00000252d94d4070, 0x00000252d96eee00, 0x00000252d96fe140,
0x00000252d99bd2b0, 0x00000252d984f840, 0x00000252d99c6df0, 0x00000252d9519960,
0x00000252d99c53c0, 0x00000252d97f1780, 0x00000252d97f0850, 0x00000252d97f2bc0
}

Java Threads: ( => current thread )
  0x00000252bc340c10 JavaThread "Forwarding newSession on session null to remote" [_thread_blocked, id=24388, stack(0x000000cb9fa00000,0x000000cb9fb00000)]
  0x00000252bc400e60 JavaThread "Reference Handler" daemon [_thread_blocked, id=24464, stack(0x000000cba0100000,0x000000cba0200000)]
  0x00000252bc401800 JavaThread "Finalizer" daemon [_thread_blocked, id=25436, stack(0x000000cba0200000,0x000000cba0300000)]
  0x00000252bc40d350 JavaThread "Signal Dispatcher" daemon [_thread_blocked, id=24616, stack(0x000000cba0300000,0x000000cba0400000)]
  0x00000252d94aff40 JavaThread "Attach Listener" daemon [_thread_blocked, id=24248, stack(0x000000cba0400000,0x000000cba0500000)]
  0x00000252d94b0420 JavaThread "Service Thread" daemon [_thread_blocked, id=21352, stack(0x000000cba0500000,0x000000cba0600000)]
  0x00000252d94bd930 JavaThread "Monitor Deflation Thread" daemon [_thread_blocked, id=18832, stack(0x000000cba0600000,0x000000cba0700000)]
  0x00000252d94c1640 JavaThread "C2 CompilerThread0" daemon [_thread_blocked, id=25044, stack(0x000000cba0700000,0x000000cba0800000)]
  0x00000252d94c1b60 JavaThread "C1 CompilerThread0" daemon [_thread_in_native, id=12200, stack(0x000000cba0800000,0x000000cba0900000)]
  0x00000252d94d4070 JavaThread "Sweeper thread" daemon [_thread_blocked, id=24844, stack(0x000000cba0900000,0x000000cba0a00000)]
  0x00000252d96eee00 JavaThread "Notification Thread" daemon [_thread_blocked, id=24540, stack(0x000000cba0a00000,0x000000cba0b00000)]
  0x00000252d96fe140 JavaThread "Common-Cleaner" daemon [_thread_blocked, id=25460, stack(0x000000cba0c00000,0x000000cba0d00000)]
  0x00000252d99bd2b0 JavaThread "ForkJoinPool.commonPool-worker-1" daemon [_thread_blocked, id=22040, stack(0x000000cba0d00000,0x000000cba0e00000)]
  0x00000252d984f840 JavaThread "HttpClient-1-SelectorManager" daemon [_thread_in_native, id=23688, stack(0x000000cba1100000,0x000000cba1200000)]
  0x00000252d99c6df0 JavaThread "Thread-2" [_thread_in_native, id=22796, stack(0x000000cba1200000,0x000000cba1300000)]
  0x00000252d9519960 JavaThread "Driver Service Executor" daemon [_thread_blocked, id=23508, stack(0x000000cba1300000,0x000000cba1400000)]
  0x00000252d99c53c0 JavaThread "Driver Service Executor" daemon [_thread_in_native, id=23268, stack(0x000000cba1400000,0x000000cba1500000)]
  0x00000252d97f1780 JavaThread "UrlChecker-2" daemon [_thread_blocked, id=24532, stack(0x000000cba1500000,0x000000cba1600000)]
  0x00000252d97f0850 JavaThread "pool-1-thread-1" [_thread_blocked, id=22236, stack(0x000000cba1800000,0x000000cba1900000)]
=>0x00000252d97f2bc0 JavaThread "pool-1-thread-2" [_thread_in_vm, id=25200, stack(0x000000cba1900000,0x000000cba1a00000)]

Other Threads:
  0x00000252bc3f9a70 VMThread "VM Thread" [stack: 0x000000cba0000000,0x000000cba0100000] [id=19136]
  0x00000252d96f2300 WatcherThread [stack: 0x000000cba0b00000,0x000000cba0c00000] [id=20180]
  0x00000252bc37b980 GCTaskThread "GC Thread#0" [stack: 0x000000cb9fb00000,0x000000cb9fc00000] [id=1200]
  0x000002531f2b7cd0 GCTaskThread "GC Thread#1" [stack: 0x000000cba0e00000,0x000000cba0f00000] [id=22000]
  0x000002531f1a0330 GCTaskThread "GC Thread#2" [stack: 0x000000cba0f00000,0x000000cba1000000] [id=23272]
  0x000002531f1a05f0 GCTaskThread "GC Thread#3" [stack: 0x000000cba1000000,0x000000cba1100000] [id=22184]
  0x00000252bc3864a0 ConcurrentGCThread "G1 Main Marker" [stack: 0x000000cb9fc00000,0x000000cb9fd00000] [id=25332]
  0x00000252bc386dc0 ConcurrentGCThread "G1 Conc#0" [stack: 0x000000cb9fd00000,0x000000cb9fe00000] [id=25564]
  0x00000252bc3dbd80 ConcurrentGCThread "G1 Refine#0" [stack: 0x000000cb9fe00000,0x000000cb9ff00000] [id=17284]
  0x00000252bc3de2e0 ConcurrentGCThread "G1 Service" [stack: 0x000000cb9ff00000,0x000000cba0000000] [id=22004]

Threads with active compile tasks:
C1 CompilerThread0    27144 1571       3       java.lang.invoke.InnerClassLambdaMetafactory::<init> (258 bytes)

VM state: not at safepoint (normal execution)

VM Mutex/Monitor currently owned by a thread: None

Heap address: 0x00000000c1800000, size: 1000 MB, Compressed Oops mode: 32-bit

CDS archive(s) mapped at: [0x00000252da000000-0x00000252dabd0000-0x00000252dabd0000), size 12386304, SharedBaseAddress: 0x00000252da000000, ArchiveRelocationMode: 1.
Compressed class space mapped at: 0x00000252db000000-0x000002531b000000, reserved size: 1073741824
Narrow klass base: 0x00000252da000000, Narrow klass shift: 0, Narrow klass range: 0x100000000

GC Precious Log:
 CPUs: 4 total, 4 available
 Memory: 3992M
 Large Page Support: Disabled
 NUMA Support: Disabled
 Compressed Oops: Enabled (32-bit)
 Heap Region Size: 1M
 Heap Min Capacity: 8M
 Heap Initial Capacity: 64M
 Heap Max Capacity: 1000M
 Pre-touch: Disabled
 Parallel Workers: 4
 Concurrent Workers: 1
 Concurrent Refinement Workers: 4
 Periodic GC: Disabled

Heap:
 garbage-first heap   total 65536K, used 11351K [0x00000000c1800000, 0x0000000100000000)
  region size 1024K, 7 young (7168K), 2 survivors (2048K)
 Metaspace       used 11292K, committed 11584K, reserved 1114112K
  class space    used 1368K, committed 1536K, reserved 1048576K

Heap Regions: E=young(eden), S=young(survivor), O=old, HS=humongous(starts), HC=humongous(continues), CS=collection set, F=free, OA=open archive, CA=closed archive, TAMS=top-at-mark-start (previous, next)
|   0|0x00000000c1800000, 0x00000000c1900000, 0x00000000c1900000|100%| O|  |TAMS 0x00000000c1800000, 0x00000000c1800000| Untracked 
|   1|0x00000000c1900000, 0x00000000c1a00000, 0x00000000c1a00000|100%| O|  |TAMS 0x00000000c1900000, 0x00000000c1900000| Untracked 
|   2|0x00000000c1a00000, 0x00000000c1b00000, 0x00000000c1b00000|100%| O|  |TAMS 0x00000000c1a00000, 0x00000000c1a00000| Untracked 
|   3|0x00000000c1b00000, 0x00000000c1c00000, 0x00000000c1c00000|100%| O|  |TAMS 0x00000000c1b00000, 0x00000000c1b00000| Untracked 
|   4|0x00000000c1c00000, 0x00000000c1d00000, 0x00000000c1d00000|100%| O|  |TAMS 0x00000000c1c00000, 0x00000000c1c00000| Untracked 
|   5|0x00000000c1d00000, 0x00000000c1d15e00, 0x00000000c1e00000|  8%| O|  |TAMS 0x00000000c1d00000, 0x00000000c1d00000| Untracked 
|   6|0x00000000c1e00000, 0x00000000c1e00000, 0x00000000c1f00000|  0%| F|  |TAMS 0x00000000c1e00000, 0x00000000c1e00000| Untracked 
|   7|0x00000000c1f00000, 0x00000000c1f00000, 0x00000000c2000000|  0%| F|  |TAMS 0x00000000c1f00000, 0x00000000c1f00000| Untracked 
|   8|0x00000000c2000000, 0x00000000c2000000, 0x00000000c2100000|  0%| F|  |TAMS 0x00000000c2000000, 0x00000000c2000000| Untracked 
|   9|0x00000000c2100000, 0x00000000c2100000, 0x00000000c2200000|  0%| F|  |TAMS 0x00000000c2100000, 0x00000000c2100000| Untracked 
|  10|0x00000000c2200000, 0x00000000c2200000, 0x00000000c2300000|  0%| F|  |TAMS 0x00000000c2200000, 0x00000000c2200000| Untracked 
|  11|0x00000000c2300000, 0x00000000c2300000, 0x00000000c2400000|  0%| F|  |TAMS 0x00000000c2300000, 0x00000000c2300000| Untracked 
|  12|0x00000000c2400000, 0x00000000c2400000, 0x00000000c2500000|  0%| F|  |TAMS 0x00000000c2400000, 0x00000000c2400000| Untracked 
|  13|0x00000000c2500000, 0x00000000c2500000, 0x00000000c2600000|  0%| F|  |TAMS 0x00000000c2500000, 0x00000000c2500000| Untracked 
|  14|0x00000000c2600000, 0x00000000c2600000, 0x00000000c2700000|  0%| F|  |TAMS 0x00000000c2600000, 0x00000000c2600000| Untracked 
|  15|0x00000000c2700000, 0x00000000c2700000, 0x00000000c2800000|  0%| F|  |TAMS 0x00000000c2700000, 0x00000000c2700000| Untracked 
|  16|0x00000000c2800000, 0x00000000c2800000, 0x00000000c2900000|  0%| F|  |TAMS 0x00000000c2800000, 0x00000000c2800000| Untracked 
|  17|0x00000000c2900000, 0x00000000c2900000, 0x00000000c2a00000|  0%| F|  |TAMS 0x00000000c2900000, 0x00000000c2900000| Untracked 
|  18|0x00000000c2a00000, 0x00000000c2a00000, 0x00000000c2b00000|  0%| F|  |TAMS 0x00000000c2a00000, 0x00000000c2a00000| Untracked 
|  19|0x00000000c2b00000, 0x00000000c2b00000, 0x00000000c2c00000|  0%| F|  |TAMS 0x00000000c2b00000, 0x00000000c2b00000| Untracked 
|  20|0x00000000c2c00000, 0x00000000c2c00000, 0x00000000c2d00000|  0%| F|  |TAMS 0x00000000c2c00000, 0x00000000c2c00000| Untracked 
|  21|0x00000000c2d00000, 0x00000000c2d00000, 0x00000000c2e00000|  0%| F|  |TAMS 0x00000000c2d00000, 0x00000000c2d00000| Untracked 
|  22|0x00000000c2e00000, 0x00000000c2e00000, 0x00000000c2f00000|  0%| F|  |TAMS 0x00000000c2e00000, 0x00000000c2e00000| Untracked 
|  23|0x00000000c2f00000, 0x00000000c2f00000, 0x00000000c3000000|  0%| F|  |TAMS 0x00000000c2f00000, 0x00000000c2f00000| Untracked 
|  24|0x00000000c3000000, 0x00000000c3000000, 0x00000000c3100000|  0%| F|  |TAMS 0x00000000c3000000, 0x00000000c3000000| Untracked 
|  25|0x00000000c3100000, 0x00000000c3100000, 0x00000000c3200000|  0%| F|  |TAMS 0x00000000c3100000, 0x00000000c3100000| Untracked 
|  26|0x00000000c3200000, 0x00000000c3200000, 0x00000000c3300000|  0%| F|  |TAMS 0x00000000c3200000, 0x00000000c3200000| Untracked 
|  27|0x00000000c3300000, 0x00000000c3300000, 0x00000000c3400000|  0%| F|  |TAMS 0x00000000c3300000, 0x00000000c3300000| Untracked 
|  28|0x00000000c3400000, 0x00000000c3400000, 0x00000000c3500000|  0%| F|  |TAMS 0x00000000c3400000, 0x00000000c3400000| Untracked 
|  29|0x00000000c3500000, 0x00000000c3500000, 0x00000000c3600000|  0%| F|  |TAMS 0x00000000c3500000, 0x00000000c3500000| Untracked 
|  30|0x00000000c3600000, 0x00000000c3600000, 0x00000000c3700000|  0%| F|  |TAMS 0x00000000c3600000, 0x00000000c3600000| Untracked 
|  31|0x00000000c3700000, 0x00000000c3700000, 0x00000000c3800000|  0%| F|  |TAMS 0x00000000c3700000, 0x00000000c3700000| Untracked 
|  32|0x00000000c3800000, 0x00000000c3800000, 0x00000000c3900000|  0%| F|  |TAMS 0x00000000c3800000, 0x00000000c3800000| Untracked 
|  33|0x00000000c3900000, 0x00000000c3900000, 0x00000000c3a00000|  0%| F|  |TAMS 0x00000000c3900000, 0x00000000c3900000| Untracked 
|  34|0x00000000c3a00000, 0x00000000c3a00000, 0x00000000c3b00000|  0%| F|  |TAMS 0x00000000c3a00000, 0x00000000c3a00000| Untracked 
|  35|0x00000000c3b00000, 0x00000000c3b00000, 0x00000000c3c00000|  0%| F|  |TAMS 0x00000000c3b00000, 0x00000000c3b00000| Untracked 
|  36|0x00000000c3c00000, 0x00000000c3c00000, 0x00000000c3d00000|  0%| F|  |TAMS 0x00000000c3c00000, 0x00000000c3c00000| Untracked 
|  37|0x00000000c3d00000, 0x00000000c3d00000, 0x00000000c3e00000|  0%| F|  |TAMS 0x00000000c3d00000, 0x00000000c3d00000| Untracked 
|  38|0x00000000c3e00000, 0x00000000c3e00000, 0x00000000c3f00000|  0%| F|  |TAMS 0x00000000c3e00000, 0x00000000c3e00000| Untracked 
|  39|0x00000000c3f00000, 0x00000000c3f00000, 0x00000000c4000000|  0%| F|  |TAMS 0x00000000c3f00000, 0x00000000c3f00000| Untracked 
|  40|0x00000000c4000000, 0x00000000c4000000, 0x00000000c4100000|  0%| F|  |TAMS 0x00000000c4000000, 0x00000000c4000000| Untracked 
|  41|0x00000000c4100000, 0x00000000c4100000, 0x00000000c4200000|  0%| F|  |TAMS 0x00000000c4100000, 0x00000000c4100000| Untracked 
|  42|0x00000000c4200000, 0x00000000c4200000, 0x00000000c4300000|  0%| F|  |TAMS 0x00000000c4200000, 0x00000000c4200000| Untracked 
|  43|0x00000000c4300000, 0x00000000c4300000, 0x00000000c4400000|  0%| F|  |TAMS 0x00000000c4300000, 0x00000000c4300000| Untracked 
|  44|0x00000000c4400000, 0x00000000c4400000, 0x00000000c4500000|  0%| F|  |TAMS 0x00000000c4400000, 0x00000000c4400000| Untracked 
|  45|0x00000000c4500000, 0x00000000c4500000, 0x00000000c4600000|  0%| F|  |TAMS 0x00000000c4500000, 0x00000000c4500000| Untracked 
|  46|0x00000000c4600000, 0x00000000c4600000, 0x00000000c4700000|  0%| F|  |TAMS 0x00000000c4600000, 0x00000000c4600000| Untracked 
|  47|0x00000000c4700000, 0x00000000c4700000, 0x00000000c4800000|  0%| F|  |TAMS 0x00000000c4700000, 0x00000000c4700000| Untracked 
|  48|0x00000000c4800000, 0x00000000c4900000, 0x00000000c4900000|100%| S|CS|TAMS 0x00000000c4800000, 0x00000000c4800000| Complete 
|  49|0x00000000c4900000, 0x00000000c4900000, 0x00000000c4a00000|  0%| F|  |TAMS 0x00000000c4900000, 0x00000000c4900000| Untracked 
|  50|0x00000000c4a00000, 0x00000000c4a00000, 0x00000000c4b00000|  0%| F|  |TAMS 0x00000000c4a00000, 0x00000000c4a00000| Untracked 
|  51|0x00000000c4b00000, 0x00000000c4c00000, 0x00000000c4c00000|100%| S|CS|TAMS 0x00000000c4b00000, 0x00000000c4b00000| Complete 
|  52|0x00000000c4c00000, 0x00000000c4c00000, 0x00000000c4d00000|  0%| F|  |TAMS 0x00000000c4c00000, 0x00000000c4c00000| Untracked 
|  53|0x00000000c4d00000, 0x00000000c4d00000, 0x00000000c4e00000|  0%| F|  |TAMS 0x00000000c4d00000, 0x00000000c4d00000| Untracked 
|  54|0x00000000c4e00000, 0x00000000c4e00000, 0x00000000c4f00000|  0%| F|  |TAMS 0x00000000c4e00000, 0x00000000c4e00000| Untracked 
|  55|0x00000000c4f00000, 0x00000000c4f00000, 0x00000000c5000000|  0%| F|  |TAMS 0x00000000c4f00000, 0x00000000c4f00000| Untracked 
|  56|0x00000000c5000000, 0x00000000c5000000, 0x00000000c5100000|  0%| F|  |TAMS 0x00000000c5000000, 0x00000000c5000000| Untracked 
|  57|0x00000000c5100000, 0x00000000c5100000, 0x00000000c5200000|  0%| F|  |TAMS 0x00000000c5100000, 0x00000000c5100000| Untracked 
|  58|0x00000000c5200000, 0x00000000c5200000, 0x00000000c5300000|  0%| F|  |TAMS 0x00000000c5200000, 0x00000000c5200000| Untracked 
|  59|0x00000000c5300000, 0x00000000c53e7e30, 0x00000000c5400000| 90%| E|  |TAMS 0x00000000c5300000, 0x00000000c5300000| Complete 
|  60|0x00000000c5400000, 0x00000000c5500000, 0x00000000c5500000|100%| E|CS|TAMS 0x00000000c5400000, 0x00000000c5400000| Complete 
|  61|0x00000000c5500000, 0x00000000c5600000, 0x00000000c5600000|100%| E|CS|TAMS 0x00000000c5500000, 0x00000000c5500000| Complete 
|  62|0x00000000c5600000, 0x00000000c5700000, 0x00000000c5700000|100%| E|CS|TAMS 0x00000000c5600000, 0x00000000c5600000| Complete 
|  63|0x00000000c5700000, 0x00000000c5800000, 0x00000000c5800000|100%| E|CS|TAMS 0x00000000c5700000, 0x00000000c5700000| Complete 

Card table byte_map: [0x00000252d4c10000,0x00000252d4e10000] _byte_map_base: 0x00000252d4604000

Marking Bits (Prev, Next): (CMBitMap*) 0x00000252bc37d6d0, (CMBitMap*) 0x00000252bc37d710
 Prev Bits: [0x00000252d5010000, 0x00000252d5fb0000)
 Next Bits: [0x00000252d5fb0000, 0x00000252d6f50000)

Polling page: 0x00000252bc180000

Metaspace:

Usage:
  Non-class:      9.69 MB used.
      Class:      1.34 MB used.
       Both:     11.03 MB used.

Virtual space:
  Non-class space:       64.00 MB reserved,       9.81 MB ( 15%) committed,  1 nodes.
      Class space:        1.00 GB reserved,       1.50 MB ( <1%) committed,  1 nodes.
             Both:        1.06 GB reserved,      11.31 MB (  1%) committed. 

Chunk freelists:
   Non-Class:  5.59 MB
       Class:  14.42 MB
        Both:  20.01 MB

MaxMetaspaceSize: unlimited
CompressedClassSpaceSize: 1.00 GB
Initial GC threshold: 21.00 MB
Current GC threshold: 21.00 MB
CDS: on
MetaspaceReclaimPolicy: balanced
 - commit_granule_bytes: 65536.
 - commit_granule_words: 8192.
 - virtual_space_node_default_size: 8388608.
 - enlarge_chunks_in_place: 1.
 - new_chunks_are_fully_committed: 0.
 - uncommit_free_chunks: 1.
 - use_allocation_guard: 0.
 - handle_deallocations: 1.


Internal statistics:

num_allocs_failed_limit: 0.
num_arena_births: 192.
num_arena_deaths: 0.
num_vsnodes_births: 2.
num_vsnodes_deaths: 0.
num_space_committed: 181.
num_space_uncommitted: 0.
num_chunks_returned_to_freelist: 0.
num_chunks_taken_from_freelist: 438.
num_chunk_merges: 0.
num_chunk_splits: 256.
num_chunks_enlarged: 177.
num_inconsistent_stats: 0.

CodeHeap 'non-profiled nmethods': size=120000Kb used=518Kb max_used=518Kb free=119481Kb
 bounds [0x00000252ccec0000, 0x00000252cd130000, 0x00000252d43f0000]
CodeHeap 'profiled nmethods': size=120000Kb used=2960Kb max_used=2960Kb free=117039Kb
 bounds [0x00000252c53f0000, 0x00000252c56e0000, 0x00000252cc920000]
CodeHeap 'non-nmethods': size=5760Kb used=1207Kb max_used=1230Kb free=4552Kb
 bounds [0x00000252cc920000, 0x00000252ccb90000, 0x00000252ccec0000]
 total_blobs=2081 nmethods=1571 adapters=423
 compilation: enabled
              stopped_count=0, restarted_count=0
 full_count=0

Compilation events (20 events):
Event: 19.135 Thread 0x00000252d94c1b60 nmethod 1562 0x00000252c56cf010 code [0x00000252c56cf1c0, 0x00000252c56cf488]
Event: 19.135 Thread 0x00000252d94c1b60 1561       1       java.util.concurrent.locks.AbstractQueuedSynchronizer::setState (6 bytes)
Event: 19.135 Thread 0x00000252d94c1b60 nmethod 1561 0x00000252ccf40d90 code [0x00000252ccf40f20, 0x00000252ccf40ff8]
Event: 19.136 Thread 0x00000252d94c1b60 1563       3       java.lang.Module::canRead (86 bytes)
Event: 19.138 Thread 0x00000252d94c1b60 nmethod 1563 0x00000252c56cf590 code [0x00000252c56cf940, 0x00000252c56d1468]
Event: 19.138 Thread 0x00000252d94c1b60 1564       3       java.lang.invoke.LambdaFormEditor$TransformKey::<init> (15 bytes)
Event: 19.139 Thread 0x00000252d94c1b60 nmethod 1564 0x00000252c56d1b10 code [0x00000252c56d1ca0, 0x00000252c56d1e38]
Event: 19.170 Thread 0x00000252d94c1b60 1565       3       java.lang.invoke.MethodHandles$Lookup::resolveOrFail (48 bytes)
Event: 19.171 Thread 0x00000252d94c1b60 nmethod 1565 0x00000252c56d1f10 code [0x00000252c56d2140, 0x00000252c56d27e8]
Event: 19.171 Thread 0x00000252d94c1b60 1566       3       java.lang.invoke.MethodHandles$Lookup::checkMethodName (45 bytes)
Event: 19.172 Thread 0x00000252d94c1b60 nmethod 1566 0x00000252c56d2a90 code [0x00000252c56d2ce0, 0x00000252c56d3428]
Event: 26.845 Thread 0x00000252d94c1b60 1567       1       java.util.concurrent.locks.AbstractQueuedSynchronizer::getState (5 bytes)
Event: 26.845 Thread 0x00000252d94c1b60 nmethod 1567 0x00000252ccf41090 code [0x00000252ccf41220, 0x00000252ccf412f8]
Event: 26.854 Thread 0x00000252d94c1b60 1568       1       jdk.internal.net.http.common.DebugLogger::on (5 bytes)
Event: 26.854 Thread 0x00000252d94c1b60 nmethod 1568 0x00000252ccf41390 code [0x00000252ccf41520, 0x00000252ccf415f8]
Event: 26.855 Thread 0x00000252d94c1b60 1569       3       java.nio.Buffer::hasRemaining (17 bytes)
Event: 26.855 Thread 0x00000252d94c1b60 nmethod 1569 0x00000252c56d3710 code [0x00000252c56d38a0, 0x00000252c56d3a18]
Event: 26.923 Thread 0x00000252d94c1b60 1570       3       java.lang.invoke.LambdaForm$DMH/0x00000252db03a800::invokeStatic (31 bytes)
Event: 26.923 Thread 0x00000252d94c1b60 nmethod 1570 0x00000252c56d3a90 code [0x00000252c56d3c60, 0x00000252c56d40f8]
Event: 26.923 Thread 0x00000252d94c1b60 1571       3       java.lang.invoke.InnerClassLambdaMetafactory::<init> (258 bytes)

GC Heap History (4 events):
Event: 6.819 GC heap before
{Heap before GC invocations=0 (full 0):
 garbage-first heap   total 65536K, used 13312K [0x00000000c1800000, 0x0000000100000000)
  region size 1024K, 13 young (13312K), 0 survivors (0K)
 Metaspace       used 3137K, committed 3264K, reserved 1114112K
  class space    used 396K, committed 448K, reserved 1048576K
}
Event: 6.831 GC heap after
{Heap after GC invocations=1 (full 0):
 garbage-first heap   total 65536K, used 4706K [0x00000000c1800000, 0x0000000100000000)
  region size 1024K, 2 young (2048K), 2 survivors (2048K)
 Metaspace       used 3137K, committed 3264K, reserved 1114112K
  class space    used 396K, committed 448K, reserved 1048576K
}
Event: 17.801 GC heap before
{Heap before GC invocations=1 (full 0):
 garbage-first heap   total 65536K, used 16994K [0x00000000c1800000, 0x0000000100000000)
  region size 1024K, 14 young (14336K), 2 survivors (2048K)
 Metaspace       used 9430K, committed 9664K, reserved 1114112K
  class space    used 1113K, committed 1216K, reserved 1048576K
}
Event: 17.810 GC heap after
{Heap after GC invocations=2 (full 0):
 garbage-first heap   total 65536K, used 7255K [0x00000000c1800000, 0x0000000100000000)
  region size 1024K, 2 young (2048K), 2 survivors (2048K)
 Metaspace       used 9430K, committed 9664K, reserved 1114112K
  class space    used 1113K, committed 1216K, reserved 1048576K
}

Deoptimization events (20 events):
Event: 7.496 Thread 0x00000252bc340c10 DEOPT PACKING pc=0x00000252c55ae23e sp=0x000000cb9fafcd00
Event: 7.496 Thread 0x00000252bc340c10 DEOPT UNPACKING pc=0x00000252cc972b43 sp=0x000000cb9fafc180 mode 0
Event: 15.379 Thread 0x00000252bc340c10 DEOPT PACKING pc=0x00000252c54d85a7 sp=0x000000cb9fafa590
Event: 15.379 Thread 0x00000252bc340c10 DEOPT UNPACKING pc=0x00000252cc972b43 sp=0x000000cb9faf99f0 mode 0
Event: 18.555 Thread 0x00000252bc340c10 Uncommon trap: trap_request=0xffffffde fr.pc=0x00000252ccf3ac48 relative=0x0000000000000128
Event: 18.555 Thread 0x00000252bc340c10 Uncommon trap: reason=class_check action=maybe_recompile pc=0x00000252ccf3ac48 method=jdk.internal.misc.Unsafe.allocateUninitializedArray(Ljava/lang/Class;I)Ljava/lang/Object; @ 51 c2
Event: 18.555 Thread 0x00000252bc340c10 DEOPT PACKING pc=0x00000252ccf3ac48 sp=0x000000cb9fafe7a0
Event: 18.555 Thread 0x00000252bc340c10 DEOPT UNPACKING pc=0x00000252cc9723a3 sp=0x000000cb9fafe728 mode 2
Event: 18.557 Thread 0x00000252bc340c10 Uncommon trap: trap_request=0xffffffde fr.pc=0x00000252ccf3ac48 relative=0x0000000000000128
Event: 18.557 Thread 0x00000252bc340c10 Uncommon trap: reason=class_check action=maybe_recompile pc=0x00000252ccf3ac48 method=jdk.internal.misc.Unsafe.allocateUninitializedArray(Ljava/lang/Class;I)Ljava/lang/Object; @ 51 c2
Event: 18.557 Thread 0x00000252bc340c10 DEOPT PACKING pc=0x00000252ccf3ac48 sp=0x000000cb9fafe6d0
Event: 18.557 Thread 0x00000252bc340c10 DEOPT UNPACKING pc=0x00000252cc9723a3 sp=0x000000cb9fafe658 mode 2
Event: 18.557 Thread 0x00000252bc340c10 Uncommon trap: trap_request=0xffffffde fr.pc=0x00000252ccf3ac48 relative=0x0000000000000128
Event: 18.557 Thread 0x00000252bc340c10 Uncommon trap: reason=class_check action=maybe_recompile pc=0x00000252ccf3ac48 method=jdk.internal.misc.Unsafe.allocateUninitializedArray(Ljava/lang/Class;I)Ljava/lang/Object; @ 51 c2
Event: 18.557 Thread 0x00000252bc340c10 DEOPT PACKING pc=0x00000252ccf3ac48 sp=0x000000cb9fafd910
Event: 18.557 Thread 0x00000252bc340c10 DEOPT UNPACKING pc=0x00000252cc9723a3 sp=0x000000cb9fafd898 mode 2
Event: 18.558 Thread 0x00000252bc340c10 Uncommon trap: trap_request=0xffffffde fr.pc=0x00000252ccf3ac48 relative=0x0000000000000128
Event: 18.558 Thread 0x00000252bc340c10 Uncommon trap: reason=class_check action=maybe_recompile pc=0x00000252ccf3ac48 method=jdk.internal.misc.Unsafe.allocateUninitializedArray(Ljava/lang/Class;I)Ljava/lang/Object; @ 51 c2
Event: 18.558 Thread 0x00000252bc340c10 DEOPT PACKING pc=0x00000252ccf3ac48 sp=0x000000cb9fafa470
Event: 18.558 Thread 0x00000252bc340c10 DEOPT UNPACKING pc=0x00000252cc9723a3 sp=0x000000cb9fafa3f8 mode 2

Classes unloaded (0 events):
No events

Classes redefined (0 events):
No events

Internal exceptions (20 events):
Event: 15.766 Thread 0x00000252bc340c10 Exception <a 'java/lang/IncompatibleClassChangeError'{0x00000000c4fb5ee0}: Found class java.lang.Object, but interface was expected> (0x00000000c4fb5ee0) 
thrown [s\open\src\hotspot\share\interpreter\linkResolver.cpp, line 826]
Event: 15.800 Thread 0x00000252bc340c10 Exception <a 'java/lang/NoSuchMethodError'{0x00000000c4fbe0e0}: 'int java.lang.invoke.DirectMethodHandle$Holder.invokeSpecialIFC(java.lang.Object, java.lang.Object, java.lang.Object, java.lang.Object)'> (0x00000000c4fbe0e0) 
thrown [s\open\src\hotspot\share\interpreter\linkResolver.cpp, line 759]
Event: 15.956 Thread 0x00000252bc340c10 Exception <a 'java/lang/NoSuchMethodError'{0x00000000c4e2d9b8}: 'java.lang.Object java.lang.invoke.DirectMethodHandle$Holder.invokeVirtual(java.lang.Object, java.lang.Object, java.lang.Object, java.lang.Object)'> (0x00000000c4e2d9b8) 
thrown [s\open\src\hotspot\share\interpreter\linkResolver.cpp, line 759]
Event: 16.465 Thread 0x00000252d97f1780 Exception <a 'java/net/ConnectException'{0x00000000c4ec3230}: Connection refused: no further information> (0x00000000c4ec3230) 
thrown [s\open\src\hotspot\share\prims\jni.cpp, line 535]
Event: 16.465 Thread 0x00000252d97f1780 Exception <a 'java/net/SocketException'{0x00000000c4ec3568}: Socket is not connected: shutdown> (0x00000000c4ec3568) 
thrown [s\open\src\hotspot\share\prims\jni.cpp, line 535]
Event: 16.513 Thread 0x00000252d97f1780 Exception <a 'java/net/ConnectException'{0x00000000c4ec4560}: Connection refused: no further information> (0x00000000c4ec4560) 
thrown [s\open\src\hotspot\share\prims\jni.cpp, line 535]
Event: 16.513 Thread 0x00000252d97f1780 Exception <a 'java/net/SocketException'{0x00000000c4ec4898}: Socket is not connected: shutdown> (0x00000000c4ec4898) 
thrown [s\open\src\hotspot\share\prims\jni.cpp, line 535]
Event: 16.545 Thread 0x00000252d97f1780 Exception <a 'java/net/ConnectException'{0x00000000c4ec57c0}: Connection refused: no further information> (0x00000000c4ec57c0) 
thrown [s\open\src\hotspot\share\prims\jni.cpp, line 535]
Event: 16.545 Thread 0x00000252d97f1780 Exception <a 'java/net/SocketException'{0x00000000c4ec5af8}: Socket is not connected: shutdown> (0x00000000c4ec5af8) 
thrown [s\open\src\hotspot\share\prims\jni.cpp, line 535]
Event: 16.601 Thread 0x00000252d97f1780 Exception <a 'java/net/ConnectException'{0x00000000c4ec6a20}: Connection refused: no further information> (0x00000000c4ec6a20) 
thrown [s\open\src\hotspot\share\prims\jni.cpp, line 535]
Event: 16.602 Thread 0x00000252d97f1780 Exception <a 'java/net/SocketException'{0x00000000c4ec6d58}: Socket is not connected: shutdown> (0x00000000c4ec6d58) 
thrown [s\open\src\hotspot\share\prims\jni.cpp, line 535]
Event: 16.690 Thread 0x00000252d97f1780 Exception <a 'java/net/ConnectException'{0x00000000c4ec7c80}: Connection refused: no further information> (0x00000000c4ec7c80) 
thrown [s\open\src\hotspot\share\prims\jni.cpp, line 535]
Event: 16.690 Thread 0x00000252d97f1780 Exception <a 'java/net/SocketException'{0x00000000c4ec7fb8}: Socket is not connected: shutdown> (0x00000000c4ec7fb8) 
thrown [s\open\src\hotspot\share\prims\jni.cpp, line 535]
Event: 17.363 Thread 0x00000252bc340c10 Exception <a 'java/lang/NoSuchMethodError'{0x00000000c4df3508}: 'java.lang.Object java.lang.invoke.DirectMethodHandle$Holder.newInvokeSpecial(java.lang.Object, java.lang.Object, int, int)'> (0x00000000c4df3508) 
thrown [s\open\src\hotspot\share\interpreter\linkResolver.cpp, line 759]
Event: 17.390 Thread 0x00000252bc340c10 Exception <a 'java/lang/NoSuchMethodError'{0x00000000c4c01a68}: 'void java.lang.invoke.DirectMethodHandle$Holder.invokeStatic(java.lang.Object, java.lang.Object, int)'> (0x00000000c4c01a68) 
thrown [s\open\src\hotspot\share\interpreter\linkResolver.cpp, line 759]
Event: 17.813 Thread 0x00000252bc340c10 Exception <a 'java/lang/NoSuchMethodError'{0x00000000c5713930}: 'java.lang.Object java.lang.invoke.DirectMethodHandle$Holder.newInvokeSpecial(java.lang.Object, java.lang.Object, java.lang.Object, java.lang.Object, java.lang.Object)'> (0x00000000c5713930) 
thrown [s\open\src\hotspot\share\interpreter\linkResolver.cpp, line 759]
Event: 18.539 Thread 0x00000252bc340c10 Exception <a 'java/lang/NoSuchMethodError'{0x00000000c55c0278}: 'void java.lang.invoke.DirectMethodHandle$Holder.invokeSpecial(java.lang.Object, java.lang.Object, java.lang.Object)'> (0x00000000c55c0278) 
thrown [s\open\src\hotspot\share\interpreter\linkResolver.cpp, line 759]
Event: 18.911 Thread 0x00000252d97f0850 Exception <a 'java/lang/NoSuchMethodError'{0x00000000c54a1838}: 'java.lang.Object java.lang.invoke.DirectMethodHandle$Holder.invokeSpecial(java.lang.Object, java.lang.Object, java.lang.Object, java.lang.Object, int)'> (0x00000000c54a1838) 
thrown [s\open\src\hotspot\share\interpreter\linkResolver.cpp, line 759]
Event: 18.912 Thread 0x00000252d97f0850 Exception <a 'java/lang/NoSuchMethodError'{0x00000000c54a5400}: 'java.lang.Object java.lang.invoke.Invokers$Holder.linkToTargetMethod(java.lang.Object, java.lang.Object, int, java.lang.Object)'> (0x00000000c54a5400) 
thrown [s\open\src\hotspot\share\interpreter\linkResolver.cpp, line 759]
Event: 19.055 Thread 0x00000252d97f0850 Exception <a 'java/lang/NoSuchMethodError'{0x00000000c54fb058}: 'void java.lang.invoke.DirectMethodHandle$Holder.invokeSpecial(java.lang.Object, java.lang.Object, java.lang.Object, java.lang.Object, java.lang.Object)'> (0x00000000c54fb058) 
thrown [s\open\src\hotspot\share\interpreter\linkResolver.cpp, line 759]

VM Operations (20 events):
Event: 10.083 Executing VM operation: HandshakeAllThreads
Event: 10.083 Executing VM operation: HandshakeAllThreads done
Event: 14.124 Executing VM operation: Cleanup
Event: 14.155 Executing VM operation: Cleanup done
Event: 15.156 Executing VM operation: Cleanup
Event: 15.157 Executing VM operation: Cleanup done
Event: 16.169 Executing VM operation: Cleanup
Event: 16.200 Executing VM operation: Cleanup done
Event: 16.989 Executing VM operation: HandshakeAllThreads
Event: 16.989 Executing VM operation: HandshakeAllThreads done
Event: 17.003 Executing VM operation: HandshakeAllThreads
Event: 17.003 Executing VM operation: HandshakeAllThreads done
Event: 17.043 Executing VM operation: HandshakeAllThreads
Event: 17.043 Executing VM operation: HandshakeAllThreads done
Event: 17.801 Executing VM operation: G1CollectForAllocation
Event: 17.810 Executing VM operation: G1CollectForAllocation done
Event: 18.818 Executing VM operation: Cleanup
Event: 18.818 Executing VM operation: Cleanup done
Event: 19.828 Executing VM operation: Cleanup
Event: 19.828 Executing VM operation: Cleanup done

Events (20 events):
Event: 26.846 loading class java/nio/HeapByteBufferR
Event: 26.854 loading class java/nio/HeapByteBufferR done
Event: 26.857 loading class java/util/LinkedList$DescendingIterator
Event: 26.862 loading class java/util/LinkedList$DescendingIterator done
Event: 26.884 loading class java/util/stream/ReferencePipeline$5
Event: 26.890 loading class java/util/stream/LongPipeline$StatelessOp
Event: 26.894 loading class java/util/stream/LongPipeline
Event: 26.900 loading class java/util/stream/LongStream
Event: 26.906 loading class java/util/stream/LongStream done
Event: 26.907 loading class java/util/stream/LongPipeline done
Event: 26.907 loading class java/util/stream/LongPipeline$StatelessOp done
Event: 26.907 loading class java/util/stream/ReferencePipeline$5 done
Event: 26.908 loading class java/util/stream/FindOps$FindSink$OfLong
Event: 26.914 loading class java/util/stream/Sink$OfLong
Event: 26.916 loading class java/util/stream/Sink$OfLong done
Event: 26.916 loading class java/util/stream/FindOps$FindSink$OfLong done
Event: 26.916 loading class java/util/OptionalLong
Event: 26.922 loading class java/util/OptionalLong done
Event: 26.923 loading class java/util/stream/ReferencePipeline$5$1
Event: 26.923 loading class java/util/stream/ReferencePipeline$5$1 done


Dynamic libraries:
0x00007ff6ee8e0000 - 0x00007ff6ee8f0000 	C:\Program Files\Java\jdk-17\bin\javaw.exe
0x00007fffb5410000 - 0x00007fffb5607000 	C:\WINDOWS\SYSTEM32\ntdll.dll
0x00007fffb43e0000 - 0x00007fffb449d000 	C:\WINDOWS\System32\KERNEL32.DLL
0x00007fffb2ca0000 - 0x00007fffb2f96000 	C:\WINDOWS\System32\KERNELBASE.dll
0x00007fffb31c0000 - 0x00007fffb32c0000 	C:\WINDOWS\System32\ucrtbase.dll
0x00007fff89260000 - 0x00007fff89279000 	C:\Program Files\Java\jdk-17\bin\jli.dll
0x00007fffb3a60000 - 0x00007fffb3b0e000 	C:\WINDOWS\System32\ADVAPI32.dll
0x00007fffb35f0000 - 0x00007fffb368e000 	C:\WINDOWS\System32\msvcrt.dll
0x00007fffb4a50000 - 0x00007fffb4aec000 	C:\WINDOWS\System32\sechost.dll
0x00007fffb50d0000 - 0x00007fffb51f6000 	C:\WINDOWS\System32\RPCRT4.dll
0x00007fff88bf0000 - 0x00007fff88c0b000 	C:\Program Files\Java\jdk-17\bin\VCRUNTIME140.dll
0x00007fffb46d0000 - 0x00007fffb486e000 	C:\WINDOWS\System32\USER32.dll
0x00007fffb3190000 - 0x00007fffb31b2000 	C:\WINDOWS\System32\win32u.dll
0x00007fffb4a20000 - 0x00007fffb4a4c000 	C:\WINDOWS\System32\GDI32.dll
0x00007fffb2fa0000 - 0x00007fffb30ba000 	C:\WINDOWS\System32\gdi32full.dll
0x00007fffb30f0000 - 0x00007fffb318d000 	C:\WINDOWS\System32\msvcp_win.dll
0x00007fff97b20000 - 0x00007fff97dba000 	C:\WINDOWS\WinSxS\amd64_microsoft.windows.common-controls_6595b64144ccf1df_6.0.19041.3570_none_60bb2a3971f3e41a\COMCTL32.dll
0x00007fffa9460000 - 0x00007fffa946a000 	C:\WINDOWS\SYSTEM32\VERSION.dll
0x00007fffb3500000 - 0x00007fffb3530000 	C:\WINDOWS\System32\IMM32.DLL
0x00007fffa7fe0000 - 0x00007fffa7fec000 	C:\Program Files\Java\jdk-17\bin\vcruntime140_1.dll
0x00007fff80bb0000 - 0x00007fff80c3e000 	C:\Program Files\Java\jdk-17\bin\msvcp140.dll
0x00007fff56490000 - 0x00007fff57071000 	C:\Program Files\Java\jdk-17\bin\server\jvm.dll
0x00007fffb3530000 - 0x00007fffb3538000 	C:\WINDOWS\System32\PSAPI.DLL
0x00007fff54670000 - 0x00007fff54679000 	C:\WINDOWS\SYSTEM32\WSOCK32.dll
0x00007fffb39f0000 - 0x00007fffb3a5b000 	C:\WINDOWS\System32\WS2_32.dll
0x00007fff960e0000 - 0x00007fff96107000 	C:\WINDOWS\SYSTEM32\WINMM.dll
0x00007fffb1320000 - 0x00007fffb1332000 	C:\WINDOWS\SYSTEM32\kernel.appcore.dll
0x00007fff92f50000 - 0x00007fff92f5a000 	C:\Program Files\Java\jdk-17\bin\jimage.dll
0x00007fffb0870000 - 0x00007fffb0a54000 	C:\WINDOWS\SYSTEM32\DBGHELP.DLL
0x00007fff99480000 - 0x00007fff994b4000 	C:\WINDOWS\SYSTEM32\dbgcore.DLL
0x00007fffb33e0000 - 0x00007fffb3462000 	C:\WINDOWS\System32\bcryptPrimitives.dll
0x00007fff83150000 - 0x00007fff83175000 	C:\Program Files\Java\jdk-17\bin\java.dll
0x00007fff800d0000 - 0x00007fff801a7000 	C:\Program Files\Java\jdk-17\bin\jsvml.dll
0x00007fffb3c30000 - 0x00007fffb4374000 	C:\WINDOWS\System32\SHELL32.dll
0x00007fffb0b70000 - 0x00007fffb130b000 	C:\WINDOWS\SYSTEM32\windows.storage.dll
0x00007fffb3690000 - 0x00007fffb39e4000 	C:\WINDOWS\System32\combase.dll
0x00007fffb2460000 - 0x00007fffb248d000 	C:\WINDOWS\SYSTEM32\Wldp.dll
0x00007fffb3540000 - 0x00007fffb35ed000 	C:\WINDOWS\System32\SHCORE.dll
0x00007fffb5010000 - 0x00007fffb5065000 	C:\WINDOWS\System32\shlwapi.dll
0x00007fffb2a20000 - 0x00007fffb2a45000 	C:\WINDOWS\SYSTEM32\profapi.dll
0x00007fff83130000 - 0x00007fff83149000 	C:\Program Files\Java\jdk-17\bin\net.dll
0x00007fffa62f0000 - 0x00007fffa63fa000 	C:\WINDOWS\SYSTEM32\WINHTTP.dll
0x00007fffb21c0000 - 0x00007fffb222a000 	C:\WINDOWS\system32\mswsock.dll
0x00007fff83110000 - 0x00007fff83126000 	C:\Program Files\Java\jdk-17\bin\nio.dll
0x00007fff82550000 - 0x00007fff82568000 	C:\Program Files\Java\jdk-17\bin\zip.dll
0x00007fffb1ef0000 - 0x00007fffb1fba000 	C:\WINDOWS\SYSTEM32\DNSAPI.dll
0x00007fffb1eb0000 - 0x00007fffb1eeb000 	C:\WINDOWS\SYSTEM32\IPHLPAPI.DLL
0x00007fffb34f0000 - 0x00007fffb34f8000 	C:\WINDOWS\System32\NSI.dll
0x00007fffa56e0000 - 0x00007fffa56ea000 	C:\Windows\System32\rasadhlp.dll
0x00007fffa5fb0000 - 0x00007fffa6032000 	C:\WINDOWS\System32\fwpuclnt.dll
0x00007fffb30c0000 - 0x00007fffb30e7000 	C:\WINDOWS\System32\bcrypt.dll
0x00007fff9c270000 - 0x00007fff9c27e000 	C:\Program Files\Java\jdk-17\bin\sunmscapi.dll
0x00007fffb2b40000 - 0x00007fffb2c9d000 	C:\WINDOWS\System32\CRYPT32.dll
0x00007fffb24d0000 - 0x00007fffb24f7000 	C:\WINDOWS\SYSTEM32\ncrypt.dll
0x00007fffb2490000 - 0x00007fffb24cb000 	C:\WINDOWS\SYSTEM32\NTASN1.dll
0x00007fffb23c0000 - 0x00007fffb23d8000 	C:\WINDOWS\SYSTEM32\CRYPTSP.dll
0x00007fffb1ad0000 - 0x00007fffb1b04000 	C:\WINDOWS\system32\rsaenh.dll
0x00007fffb29a0000 - 0x00007fffb29ce000 	C:\WINDOWS\SYSTEM32\USERENV.dll
0x00007fffb23b0000 - 0x00007fffb23bc000 	C:\WINDOWS\SYSTEM32\CRYPTBASE.dll
0x00007fffa7fc0000 - 0x00007fffa7fd7000 	C:\WINDOWS\SYSTEM32\dhcpcsvc6.DLL
0x00007fffa7af0000 - 0x00007fffa7b0d000 	C:\WINDOWS\SYSTEM32\dhcpcsvc.DLL
0x00007fffaaf90000 - 0x00007fffaaf97000 	C:\WINDOWS\system32\wshunix.dll

dbghelp: loaded successfully - version: 4.0.5 - missing functions: none
symbol engine: initialized successfully - sym options: 0x614 - pdb path: .;C:\Program Files\Java\jdk-17\bin;C:\WINDOWS\SYSTEM32;C:\WINDOWS\WinSxS\amd64_microsoft.windows.common-controls_6595b64144ccf1df_6.0.19041.3570_none_60bb2a3971f3e41a;C:\Program Files\Java\jdk-17\bin\server

VM Arguments:
jvm_args: -Dfile.encoding=UTF-8 -Dstdout.encoding=UTF-8 -Dstderr.encoding=UTF-8 -XX:+ShowCodeDetailsInExceptionMessages 
java_command: MYAssignmentScript.AmzaonAsignment
java_class_path (initial): C:\Users\master\aa\AssignmentSelenium\MySeleniumScripts\target\test-classes;C:\Users\master\aa\AssignmentSelenium\MySeleniumScripts\target\classes;C:\Users\master\Downloads\selenium-java-4.15.0\selenium-api-4.15.0.jar;C:\Users\master\Downloads\selenium-java-4.15.0\selenium-api-4.15.0-sources.jar;C:\Users\master\Downloads\selenium-java-4.15.0\selenium-chrome-driver-4.15.0.jar;C:\Users\master\Downloads\selenium-java-4.15.0\selenium-chrome-driver-4.15.0-sources.jar;C:\Users\master\Downloads\selenium-java-4.15.0\selenium-chromium-driver-4.15.0.jar;C:\Users\master\Downloads\selenium-java-4.15.0\selenium-chromium-driver-4.15.0-sources.jar;C:\Users\master\Downloads\selenium-java-4.15.0\selenium-devtools-v85-4.15.0.jar;C:\Users\master\Downloads\selenium-java-4.15.0\selenium-devtools-v85-4.15.0-sources.jar;C:\Users\master\Downloads\selenium-java-4.15.0\selenium-devtools-v117-4.15.0.jar;C:\Users\master\Downloads\selenium-java-4.15.0\selenium-devtools-v117-4.15.0-sources.jar;C:\Users\master\Downloads\selenium-java-4.15.0\selenium-devtools-v118-4.15.0.jar;C:\Users\master\Downloads\selenium-java-4.15.0\selenium-devtools-v118-4.15.0-sources.jar;C:\Users\master\Downloads\selenium-java-4.15.0\selenium-devtools-v119-4.15.0.jar;C:\Users\master\Downloads\selenium-java-4.15.0\selenium-devtools-v119-4.15.0-sources.jar;C:\Users\master\Downloads\selenium-java-4.15.0\selenium-edge-driver-4.15.0.jar;C:\Users\master\Downloads\selenium-java-4.15.0\selenium-edge-driver-4.15.0-sources.jar;C:\Users\master\Downloads\selenium-java-4.15.0\selenium-firefox-driver-4.15.0.jar;C:\Users\master\Downloads\selenium-java-4.15.0\selenium-firefox-driver-4.15.0-sources.jar;C:\Users\master\Downloads\selenium-java-4.15.0\selenium-http-4.15.0.jar;C:\Users\master\Downloads\selenium-java-4.15.0\selenium-http-4.15.0-sources.jar;C:\Users\master\Downloads\selenium-java-4.15.0\selenium-ie-driver-4.15.0.jar;C:\Users\master\Downloads\selenium-java-4.15.0\selenium-ie-driver-4.15.0-sources.jar;
Launcher Type: SUN_STANDARD

[Global flags]
     intx CICompilerCount                          = 3                                         {product} {ergonomic}
     uint ConcGCThreads                            = 1                                         {product} {ergonomic}
     uint G1ConcRefinementThreads                  = 4                                         {product} {ergonomic}
   size_t G1HeapRegionSize                         = 1048576                                   {product} {ergonomic}
    uintx GCDrainStackTargetSize                   = 64                                        {product} {ergonomic}
   size_t InitialHeapSize                          = 67108864                                  {product} {ergonomic}
   size_t MarkStackSize                            = 4194304                                   {product} {ergonomic}
   size_t MaxHeapSize                              = 1048576000                                {product} {ergonomic}
   size_t MaxNewSize                               = 629145600                                 {product} {ergonomic}
   size_t MinHeapDeltaBytes                        = 1048576                                   {product} {ergonomic}
   size_t MinHeapSize                              = 8388608                                   {product} {ergonomic}
    uintx NonNMethodCodeHeapSize                   = 5832780                                {pd product} {ergonomic}
    uintx NonProfiledCodeHeapSize                  = 122912730                              {pd product} {ergonomic}
    uintx ProfiledCodeHeapSize                     = 122912730                              {pd product} {ergonomic}
    uintx ReservedCodeCacheSize                    = 251658240                              {pd product} {ergonomic}
     bool SegmentedCodeCache                       = true                                      {product} {ergonomic}
     bool ShowCodeDetailsInExceptionMessages       = true                                   {manageable} {command line}
   size_t SoftMaxHeapSize                          = 1048576000                             {manageable} {ergonomic}
     bool UseCompressedClassPointers               = true                           {product lp64_product} {ergonomic}
     bool UseCompressedOops                        = true                           {product lp64_product} {ergonomic}
     bool UseG1GC                                  = true                                      {product} {ergonomic}
     bool UseLargePagesIndividualAllocation        = false                                  {pd product} {ergonomic}

Logging:
Log output configuration:
 #0: stdout all=warning uptime,level,tags
 #1: stderr all=off uptime,level,tags

Environment Variables:
PATH=C:\Program Files\Common Files\Oracle\Java\javapath;C:\Program Files\nodejs\;C:\WINDOWS;C:\WINDOWS\System32\Wbem;C:\WINDOWS\System32\WindowsPowerShell\v1.0\;C:\WINDOWS\System32\OpenSSH\;C:\WINDOWS\system32;C:\Program Files\PuTTY\;C:\Program Files\Git\cmd;C:\Program Files\PowerShell\7\;C:\Program Files\MySQL\MySQL Shell 8.0\bin\;C:\Users\master\AppData\Roaming\npm;C:\Users\master\AppData\Local\Programs\Microsoft VS Code\bin;C:\Users\master\AppData\Local\Microsoft\WindowsApps;C:\ProgramData\master\GitHubDesktop\bin;
USERNAME=master
OS=Windows_NT
PROCESSOR_IDENTIFIER=Intel64 Family 6 Model 142 Stepping 9, GenuineIntel



---------------  S Y S T E M  ---------------

OS:
 Windows 10 , 64 bit Build 19041 (10.0.19041.3570)
OS uptime: 0 days 2:20 hours

CPU: total 4 (initial active 4) (2 cores per cpu, 2 threads per core) family 6 model 142 stepping 9 microcode 0xf4, cx8, cmov, fxsr, ht, mmx, 3dnowpref, sse, sse2, sse3, ssse3, sse4.1, sse4.2, popcnt, lzcnt, tsc, tscinvbit, avx, avx2, aes, erms, clmul, bmi1, bmi2, adx, fma, vzeroupper, clflush, clflushopt

Memory: 4k page, system-wide physical 3992M (57M free)
TotalPageFile size 16280M (AvailPageFile size 0M)
current process WorkingSet (physical memory assigned to process): 78M, peak: 80M
current process commit charge ("private bytes"): 155M, peak: 157M

vm_info: Java HotSpot(TM) 64-Bit Server VM (17.0.9+11-LTS-201) for windows-amd64 JRE (17.0.9+11-LTS-201), built on Oct 10 2023 23:16:06 by "mach5one" with MS VC++ 17.1 (VS2022)

END.
